This file contains any messages produced by compilers while
running configure, to aid debugging if configure makes a mistake.

It was created by fedit2 configure 0.0.1, which was
generated by GNU Autoconf 2.69.  Invocation command line was

  $ ./configure 

## --------- ##
## Platform. ##
## --------- ##

hostname = jeferson
uname -m = x86_64
uname -r = 5.15.0-46-generic
uname -s = Linux
uname -v = #49~20.04.1-Ubuntu SMP Thu Aug 4 19:15:44 UTC 2022

/usr/bin/uname -p = x86_64
/bin/uname -X     = unknown

/bin/arch              = x86_64
/usr/bin/arch -k       = unknown
/usr/convex/getsysinfo = unknown
/usr/bin/hostinfo      = unknown
/bin/machine           = unknown
/usr/bin/oslevel       = unknown
/bin/universe          = unknown

PATH: /home/jeferson/.local/bin
PATH: /usr/local/sbin
PATH: /usr/local/bin
PATH: /usr/sbin
PATH: /usr/bin
PATH: /sbin
PATH: /bin
PATH: /usr/games
PATH: /usr/local/games
PATH: /snap/bin


## ----------- ##
## Core tests. ##
## ----------- ##

configure:2573: checking for a BSD-compatible install
configure:2641: result: /usr/bin/install -c
configure:2652: checking whether build environment is sane
configure:2707: result: yes
configure:2856: checking for a thread-safe mkdir -p
configure:2895: result: /usr/bin/mkdir -p
configure:2902: checking for gawk
configure:2932: result: no
configure:2902: checking for mawk
configure:2918: found /usr/bin/mawk
configure:2929: result: mawk
configure:2940: checking whether make sets $(MAKE)
configure:2962: result: yes
configure:2991: checking whether make supports nested variables
configure:3008: result: yes
configure:3206: checking for g++
configure:3222: found /usr/bin/g++
configure:3233: result: g++
configure:3260: checking for C++ compiler version
configure:3269: g++ --version >&5
g++ (Ubuntu 9.4.0-1ubuntu1~20.04.1) 9.4.0
Copyright (C) 2019 Free Software Foundation, Inc.
This is free software; see the source for copying conditions.  There is NO
warranty; not even for MERCHANTABILITY or FITNESS FOR A PARTICULAR PURPOSE.

configure:3280: $? = 0
configure:3269: g++ -v >&5
Using built-in specs.
COLLECT_GCC=g++
COLLECT_LTO_WRAPPER=/usr/lib/gcc/x86_64-linux-gnu/9/lto-wrapper
OFFLOAD_TARGET_NAMES=nvptx-none:hsa
OFFLOAD_TARGET_DEFAULT=1
Target: x86_64-linux-gnu
Configured with: ../src/configure -v --with-pkgversion='Ubuntu 9.4.0-1ubuntu1~20.04.1' --with-bugurl=file:///usr/share/doc/gcc-9/README.Bugs --enable-languages=c,ada,c++,go,brig,d,fortran,objc,obj-c++,gm2 --prefix=/usr --with-gcc-major-version-only --program-suffix=-9 --program-prefix=x86_64-linux-gnu- --enable-shared --enable-linker-build-id --libexecdir=/usr/lib --without-included-gettext --enable-threads=posix --libdir=/usr/lib --enable-nls --enable-clocale=gnu --enable-libstdcxx-debug --enable-libstdcxx-time=yes --with-default-libstdcxx-abi=new --enable-gnu-unique-object --disable-vtable-verify --enable-plugin --enable-default-pie --with-system-zlib --with-target-system-zlib=auto --enable-objc-gc=auto --enable-multiarch --disable-werror --with-arch-32=i686 --with-abi=m64 --with-multilib-list=m32,m64,mx32 --enable-multilib --with-tune=generic --enable-offload-targets=nvptx-none=/build/gcc-9-Av3uEd/gcc-9-9.4.0/debian/tmp-nvptx/usr,hsa --without-cuda-driver --enable-checking=release --build=x86_64-linux-gnu --host=x86_64-linux-gnu --target=x86_64-linux-gnu
Thread model: posix
gcc version 9.4.0 (Ubuntu 9.4.0-1ubuntu1~20.04.1) 
configure:3280: $? = 0
configure:3269: g++ -V >&5
g++: error: unrecognized command line option '-V'
g++: fatal error: no input files
compilation terminated.
configure:3280: $? = 1
configure:3269: g++ -qversion >&5
g++: error: unrecognized command line option '-qversion'; did you mean '--version'?
g++: fatal error: no input files
compilation terminated.
configure:3280: $? = 1
configure:3300: checking whether the C++ compiler works
configure:3322: g++    conftest.cpp  >&5
configure:3326: $? = 0
configure:3374: result: yes
configure:3377: checking for C++ compiler default output file name
configure:3379: result: a.out
configure:3385: checking for suffix of executables
configure:3392: g++ -o conftest    conftest.cpp  >&5
configure:3396: $? = 0
configure:3418: result: 
configure:3440: checking whether we are cross compiling
configure:3448: g++ -o conftest    conftest.cpp  >&5
configure:3452: $? = 0
configure:3459: ./conftest
configure:3463: $? = 0
configure:3451: result: no
configure:3456: checking for suffix of object files
configure:3478: g++ -c   conftest.cpp >&5
configure:3482: $? = 0
configure:3503: result: o
configure:3507: checking whether we are using the GNU C++ compiler
configure:3526: g++ -c   conftest.cpp >&5
configure:3526: $? = 0
configure:3535: result: yes
configure:3544: checking whether g++ accepts -g
configure:3564: g++ -c -g  conftest.cpp >&5
configure:3564: $? = 0
configure:3605: result: yes
configure:3639: checking for style of include used by make
configure:3667: result: GNU
configure:3693: checking dependency style of g++
configure:3804: result: gcc3
configure:3867: checking for gcc
configure:3883: found /usr/bin/gcc
configure:3894: result: gcc
configure:4123: checking for C compiler version
configure:4132: gcc --version >&5
gcc (Ubuntu 9.4.0-1ubuntu1~20.04.1) 9.4.0
Copyright (C) 2019 Free Software Foundation, Inc.
This is free software; see the source for copying conditions.  There is NO
warranty; not even for MERCHANTABILITY or FITNESS FOR A PARTICULAR PURPOSE.

configure:4143: $? = 0
configure:4132: gcc -v >&5
Using built-in specs.
COLLECT_GCC=gcc
COLLECT_LTO_WRAPPER=/usr/lib/gcc/x86_64-linux-gnu/9/lto-wrapper
OFFLOAD_TARGET_NAMES=nvptx-none:hsa
OFFLOAD_TARGET_DEFAULT=1
Target: x86_64-linux-gnu
Configured with: ../src/configure -v --with-pkgversion='Ubuntu 9.4.0-1ubuntu1~20.04.1' --with-bugurl=file:///usr/share/doc/gcc-9/README.Bugs --enable-languages=c,ada,c++,go,brig,d,fortran,objc,obj-c++,gm2 --prefix=/usr --with-gcc-major-version-only --program-suffix=-9 --program-prefix=x86_64-linux-gnu- --enable-shared --enable-linker-build-id --libexecdir=/usr/lib --without-included-gettext --enable-threads=posix --libdir=/usr/lib --enable-nls --enable-clocale=gnu --enable-libstdcxx-debug --enable-libstdcxx-time=yes --with-default-libstdcxx-abi=new --enable-gnu-unique-object --disable-vtable-verify --enable-plugin --enable-default-pie --with-system-zlib --with-target-system-zlib=auto --enable-objc-gc=auto --enable-multiarch --disable-werror --with-arch-32=i686 --with-abi=m64 --with-multilib-list=m32,m64,mx32 --enable-multilib --with-tune=generic --enable-offload-targets=nvptx-none=/build/gcc-9-Av3uEd/gcc-9-9.4.0/debian/tmp-nvptx/usr,hsa --without-cuda-driver --enable-checking=release --build=x86_64-linux-gnu --host=x86_64-linux-gnu --target=x86_64-linux-gnu
Thread model: posix
gcc version 9.4.0 (Ubuntu 9.4.0-1ubuntu1~20.04.1) 
configure:4143: $? = 0
configure:4132: gcc -V >&5
gcc: error: unrecognized command line option '-V'
gcc: fatal error: no input files
compilation terminated.
configure:4143: $? = 1
configure:4132: gcc -qversion >&5
gcc: error: unrecognized command line option '-qversion'; did you mean '--version'?
gcc: fatal error: no input files
compilation terminated.
configure:4143: $? = 1
configure:4147: checking whether we are using the GNU C compiler
configure:4166: gcc -c   conftest.c >&5
configure:4166: $? = 0
configure:4175: result: yes
configure:4184: checking whether gcc accepts -g
configure:4204: gcc -c -g  conftest.c >&5
configure:4204: $? = 0
configure:4245: result: yes
configure:4262: checking for gcc option to accept ISO C89
configure:4325: gcc  -c -g -O2  conftest.c >&5
configure:4325: $? = 0
configure:4338: result: none needed
configure:4363: checking whether gcc understands -c and -o together
configure:4385: gcc -c conftest.c -o conftest2.o
configure:4388: $? = 0
configure:4385: gcc -c conftest.c -o conftest2.o
configure:4388: $? = 0
configure:4400: result: yes
configure:4419: checking dependency style of gcc
configure:4530: result: gcc3
configure:4550: checking how to run the C preprocessor
configure:4581: gcc -E  conftest.c
configure:4581: $? = 0
configure:4595: gcc -E  conftest.c
conftest.c:11:10: fatal error: ac_nonexistent.h: No such file or directory
   11 | #include <ac_nonexistent.h>
      |          ^~~~~~~~~~~~~~~~~~
compilation terminated.
configure:4595: $? = 1
configure: failed program was:
| /* confdefs.h */
| #define PACKAGE_NAME "fedit2"
| #define PACKAGE_TARNAME "fedit2"
| #define PACKAGE_VERSION "0.0.1"
| #define PACKAGE_STRING "fedit2 0.0.1"
| #define PACKAGE_BUGREPORT "akky@users.sourceforge.jp"
| #define PACKAGE_URL ""
| #define PACKAGE "fedit2"
| #define VERSION "0.0.1"
| /* end confdefs.h.  */
| #include <ac_nonexistent.h>
configure:4620: result: gcc -E
configure:4640: gcc -E  conftest.c
configure:4640: $? = 0
configure:4654: gcc -E  conftest.c
conftest.c:11:10: fatal error: ac_nonexistent.h: No such file or directory
   11 | #include <ac_nonexistent.h>
      |          ^~~~~~~~~~~~~~~~~~
compilation terminated.
configure:4654: $? = 1
configure: failed program was:
| /* confdefs.h */
| #define PACKAGE_NAME "fedit2"
| #define PACKAGE_TARNAME "fedit2"
| #define PACKAGE_VERSION "0.0.1"
| #define PACKAGE_STRING "fedit2 0.0.1"
| #define PACKAGE_BUGREPORT "akky@users.sourceforge.jp"
| #define PACKAGE_URL ""
| #define PACKAGE "fedit2"
| #define VERSION "0.0.1"
| /* end confdefs.h.  */
| #include <ac_nonexistent.h>
configure:4683: checking whether ln -s works
configure:4687: result: yes
configure:4694: checking whether make sets $(MAKE)
configure:4716: result: yes
configure:4786: checking build system type
configure:4800: result: x86_64-pc-linux-gnu
configure:4820: checking host system type
configure:4833: result: x86_64-pc-linux-gnu
configure:4874: checking how to print strings
configure:4901: result: printf
configure:4922: checking for a sed that does not truncate output
configure:4986: result: /usr/bin/sed
configure:5004: checking for grep that handles long lines and -e
configure:5062: result: /usr/bin/grep
configure:5067: checking for egrep
configure:5129: result: /usr/bin/grep -E
configure:5134: checking for fgrep
configure:5196: result: /usr/bin/grep -F
configure:5231: checking for ld used by gcc
configure:5298: result: /usr/bin/ld
configure:5305: checking if the linker (/usr/bin/ld) is GNU ld
configure:5320: result: yes
configure:5332: checking for BSD- or MS-compatible name lister (nm)
configure:5386: result: /usr/bin/nm -B
configure:5516: checking the name lister (/usr/bin/nm -B) interface
configure:5523: g++ -c -g -O2  conftest.cpp >&5
configure:5526: /usr/bin/nm -B "conftest.o"
configure:5529: output
0000000000000000 B some_variable
configure:5530: result: BSD nm
configure:5534: checking the maximum length of command line arguments
configure:5665: result: 1572864
configure:5713: checking how to convert x86_64-pc-linux-gnu file names to x86_64-pc-linux-gnu format
configure:5753: result: func_convert_file_noop
configure:5760: checking how to convert x86_64-pc-linux-gnu file names to toolchain format
configure:5780: result: func_convert_file_noop
configure:5787: checking for /usr/bin/ld option to reload object files
configure:5794: result: -r
configure:5868: checking for objdump
configure:5884: found /usr/bin/objdump
configure:5895: result: objdump
configure:5927: checking how to recognize dependent libraries
configure:6127: result: pass_all
configure:6212: checking for dlltool
configure:6242: result: no
configure:6272: checking how to associate runtime and link libraries
configure:6299: result: printf %s\n
configure:6360: checking for ar
configure:6376: found /usr/bin/ar
configure:6387: result: ar
configure:6424: checking for archiver @FILE support
configure:6441: g++ -c -g -O2  conftest.cpp >&5
configure:6441: $? = 0
configure:6444: ar cru libconftest.a @conftest.lst >&5
ar: `u' modifier ignored since `D' is the default (see `U')
configure:6447: $? = 0
configure:6452: ar cru libconftest.a @conftest.lst >&5
ar: `u' modifier ignored since `D' is the default (see `U')
ar: conftest.o: No such file or directory
configure:6455: $? = 1
configure:6454: result: @
configure:6512: checking for strip
configure:6528: found /usr/bin/strip
configure:6539: result: strip
configure:6611: checking for ranlib
configure:6627: found /usr/bin/ranlib
configure:6638: result: ranlib
configure:6740: checking command to parse /usr/bin/nm -B output from gcc object
configure:6893: g++ -c -g -O2  conftest.cpp >&5
configure:6896: $? = 0
configure:6900: /usr/bin/nm -B conftest.o \| sed -n -e 's/^.*[ ]\([ABCDGIRSTW][ABCDGIRSTW]*\)[ ][ ]*\([_A-Za-z][_A-Za-z0-9]*\)$/\1 \2 \2/p' | sed '/ __gnu_lto/d' \> conftest.nm
configure:6903: $? = 0
configure:6969: g++ -o conftest -g -O2   conftest.cpp conftstm.o >&5
configure:6972: $? = 0
configure:7010: result: ok
configure:7057: checking for sysroot
configure:7087: result: no
configure:7094: checking for a working dd
configure:7132: result: /usr/bin/dd
configure:7136: checking how to truncate binary pipes
configure:7151: result: /usr/bin/dd bs=4096 count=1
configure:7288: g++ -c -g -O2  conftest.cpp >&5
configure:7291: $? = 0
configure:7481: checking for mt
configure:7497: found /usr/bin/mt
configure:7508: result: mt
configure:7531: checking if mt is a manifest tool
configure:7537: mt '-?'
configure:7545: result: no
configure:8218: checking for ANSI C header files
configure:8238: g++ -c -g -O2  conftest.cpp >&5
configure:8238: $? = 0
./configure: line 8252: conftest.cpp: command not found
configure:8322: result: no
configure:8335: checking for sys/types.h
configure:8335: g++ -c -g -O2  conftest.cpp >&5
configure:8335: $? = 0
configure:8335: result: yes
configure:8335: checking for sys/stat.h
configure:8335: g++ -c -g -O2  conftest.cpp >&5
configure:8335: $? = 0
configure:8335: result: yes
configure:8335: checking for stdlib.h
configure:8335: g++ -c -g -O2  conftest.cpp >&5
configure:8335: $? = 0
configure:8335: result: yes
configure:8335: checking for string.h
configure:8335: g++ -c -g -O2  conftest.cpp >&5
configure:8335: $? = 0
configure:8335: result: yes
configure:8335: checking for memory.h
configure:8335: g++ -c -g -O2  conftest.cpp >&5
configure:8335: $? = 0
configure:8335: result: yes
configure:8335: checking for strings.h
configure:8335: g++ -c -g -O2  conftest.cpp >&5
configure:8335: $? = 0
configure:8335: result: yes
configure:8335: checking for inttypes.h
configure:8335: g++ -c -g -O2  conftest.cpp >&5
configure:8335: $? = 0
configure:8335: result: yes
configure:8335: checking for stdint.h
configure:8335: g++ -c -g -O2  conftest.cpp >&5
configure:8335: $? = 0
configure:8335: result: yes
configure:8335: checking for unistd.h
configure:8335: g++ -c -g -O2  conftest.cpp >&5
configure:8335: $? = 0
configure:8335: result: yes
configure:8349: checking for dlfcn.h
configure:8349: g++ -c -g -O2  conftest.cpp >&5
configure:8349: $? = 0
configure:8349: result: yes
configure:8585: checking for objdir
configure:8600: result: .libs
configure:8864: checking if gcc supports -fno-rtti -fno-exceptions
configure:8882: gcc -c -g -O2  -fno-rtti -fno-exceptions conftest.c >&5
cc1: warning: command line option '-fno-rtti' is valid for C++/D/ObjC++ but not for C
configure:8886: $? = 0
configure:8899: result: no
configure:9257: checking for gcc option to produce PIC
configure:9264: result: -fPIC -DPIC
configure:9272: checking if gcc PIC flag -fPIC -DPIC works
configure:9290: gcc -c -g -O2  -fPIC -DPIC -DPIC conftest.c >&5
configure:9294: $? = 0
configure:9307: result: yes
configure:9336: checking if gcc static flag -static works
configure:9364: result: yes
configure:9379: checking if gcc supports -c -o file.o
configure:9400: gcc -c -g -O2  -o out/conftest2.o conftest.c >&5
configure:9404: $? = 0
configure:9426: result: yes
configure:9434: checking if gcc supports -c -o file.o
configure:9481: result: yes
configure:9514: checking whether the gcc linker (/usr/bin/ld -m elf_x86_64) supports shared libraries
configure:10777: result: yes
configure:10814: checking whether -lc should be explicitly linked in
configure:10822: gcc -c -g -O2  conftest.c >&5
configure:10825: $? = 0
configure:10840: gcc -shared  -fPIC -DPIC conftest.o  -v -Wl,-soname -Wl,conftest -o conftest 2\>\&1 \| /usr/bin/grep  -lc  \>/dev/null 2\>\&1
configure:10843: $? = 0
configure:10857: result: no
configure:11017: checking dynamic linker characteristics
configure:11598: gcc -o conftest -g -O2   -Wl,-rpath -Wl,/foo conftest.c  >&5
configure:11598: $? = 0
configure:11847: result: GNU/Linux ld.so
configure:11969: checking how to hardcode library paths into programs
configure:11994: result: immediate
configure:12542: checking whether stripping libraries is possible
configure:12547: result: yes
configure:12582: checking if libtool supports shared libraries
configure:12584: result: yes
configure:12587: checking whether to build shared libraries
configure:12612: result: yes
configure:12615: checking whether to build static libraries
configure:12619: result: no
configure:9418: checking how to run the C++ preprocessor
configure:9445: g++ -E  conftest.cpp
configure:9445: $? = 0
configure:9459: g++ -E  conftest.cpp
conftest.cpp:22:10: fatal error: ac_nonexistent.h: No such file or directory
   22 | #include <ac_nonexistent.h>
      |          ^~~~~~~~~~~~~~~~~~
compilation terminated.
configure:9459: $? = 1
configure: failed program was:
| /* confdefs.h */
| #define PACKAGE_NAME "fedit2"
| #define PACKAGE_TARNAME "fedit2"
| #define PACKAGE_VERSION "0.0.1"
| #define PACKAGE_STRING "fedit2 0.0.1"
| #define PACKAGE_BUGREPORT "akky@users.sourceforge.jp"
| #define PACKAGE_URL ""
| #define PACKAGE "fedit2"
| #define VERSION "0.0.1"
| #define HAVE_SYS_TYPES_H 1
| #define HAVE_SYS_STAT_H 1
| #define HAVE_STDLIB_H 1
| #define HAVE_STRING_H 1
| #define HAVE_MEMORY_H 1
| #define HAVE_STRINGS_H 1
| #define HAVE_INTTYPES_H 1
| #define HAVE_STDINT_H 1
| #define HAVE_UNISTD_H 1
| #define HAVE_DLFCN_H 1
| #define LT_OBJDIR ".libs/"
| /* end confdefs.h.  */
| #include <ac_nonexistent.h>
configure:9484: result: g++ -E
configure:9504: g++ -E  conftest.cpp
configure:9504: $? = 0
configure:9518: g++ -E  conftest.cpp
conftest.cpp:22:10: fatal error: ac_nonexistent.h: No such file or directory
   22 | #include <ac_nonexistent.h>
      |          ^~~~~~~~~~~~~~~~~~
compilation terminated.
configure:9518: $? = 1
configure: failed program was:
| /* confdefs.h */
| #define PACKAGE_NAME "fedit2"
| #define PACKAGE_TARNAME "fedit2"
| #define PACKAGE_VERSION "0.0.1"
| #define PACKAGE_STRING "fedit2 0.0.1"
| #define PACKAGE_BUGREPORT "akky@users.sourceforge.jp"
| #define PACKAGE_URL ""
| #define PACKAGE "fedit2"
| #define VERSION "0.0.1"
| #define HAVE_SYS_TYPES_H 1
| #define HAVE_SYS_STAT_H 1
| #define HAVE_STDLIB_H 1
| #define HAVE_STRING_H 1
| #define HAVE_MEMORY_H 1
| #define HAVE_STRINGS_H 1
| #define HAVE_INTTYPES_H 1
| #define HAVE_STDINT_H 1
| #define HAVE_UNISTD_H 1
| #define HAVE_DLFCN_H 1
| #define LT_OBJDIR ".libs/"
| /* end confdefs.h.  */
| #include <ac_nonexistent.h>
configure:9680: checking for ld used by g++
configure:9747: result: /usr/bin/ld -m elf_x86_64
configure:9754: checking if the linker (/usr/bin/ld -m elf_x86_64) is GNU ld
configure:9769: result: yes
configure:9824: checking whether the g++ linker (/usr/bin/ld -m elf_x86_64) supports shared libraries
configure:10897: result: yes
configure:10933: g++ -c -g -O2  conftest.cpp >&5
configure:10936: $? = 0
configure:11417: checking for g++ option to produce PIC
configure:11424: result: -fPIC -DPIC
configure:11432: checking if g++ PIC flag -fPIC -DPIC works
configure:11450: g++ -c -g -O2  -fPIC -DPIC -DPIC conftest.cpp >&5
configure:11454: $? = 0
configure:11467: result: yes
configure:11490: checking if g++ static flag -static works
configure:11518: result: yes
configure:11530: checking if g++ supports -c -o file.o
configure:11551: g++ -c -g -O2  -o out/conftest2.o conftest.cpp >&5
configure:11555: $? = 0
configure:11577: result: yes
configure:11582: checking if g++ supports -c -o file.o
configure:11629: result: yes
configure:11659: checking whether the g++ linker (/usr/bin/ld -m elf_x86_64) supports shared libraries
configure:11702: result: yes
configure:11843: checking dynamic linker characteristics
configure:12600: result: GNU/Linux ld.so
configure:12665: checking how to hardcode library paths into programs
configure:12690: result: immediate
configure:11635: checking for boostlib >= 1.32.0
configure:11695: g++ -c -g -O2  -I/usr/include conftest.cpp >&5
configure:11695: $? = 0
configure:11697: result: yes
configure:11843: enabled Qt4
configure:11914: checking for pkg-config
configure:11932: found /usr/bin/pkg-config
configure:11944: result: /usr/bin/pkg-config
configure:11969: checking pkg-config is at least version 0.9.0
configure:11972: result: yes
configure:11986: set QT4_REQUIRED_VERSION... 4.3.0
configure:11988: set QT4_REQUIRED_MODULES... QtCore QtGui QtNetwork
configure:11997: checking for pkg-config
configure:12028: result: /usr/bin/pkg-config
configure:12041: check QtCore >= 4.3.0
configure:12045: checking for Qt4
configure:12052: $PKG_CONFIG --exists --print-errors "$mod >= $QT4_REQUIRED_VERSION"
configure:12055: $? = 0
configure:12069: $PKG_CONFIG --exists --print-errors "$mod >= $QT4_REQUIRED_VERSION"
configure:12072: $? = 0
configure:12110: result: yes
configure:12041: check QtGui >= 4.3.0
configure:12045: checking for Qt4
configure:12110: result: yes
configure:12041: check QtNetwork >= 4.3.0
configure:12045: checking for Qt4
configure:12110: result: yes
configure:12124: set QT4_CXXFLAGS... -DQT_SHARED -I/usr/include/qt4 -I/usr/include/qt4/QtGui -I/usr/include/qt4 -I/usr/include/qt4/QtNetwork -I/usr/include/qt4 -I/usr/include/qt4/QtCore
configure:12126: set QT4_LDFLAGS... -L/usr/X11R6/lib64
configure:12128: set QT4_LDADD... -pthread -lQtGui -lQtCore -lfontconfig -lpthread -laudio -lXt -lgthread-2.0 -lglib-2.0 -lpng -lz -lfreetype -lgobject-2.0 -lglib-2.0 -lSM -lICE -lXi -lXrender -lfontconfig -lfreetype -lXext -lX11 -lm -lQtNetwork -lQtCore -lfontconfig -lpthread -lz -lQtCore -lfontconfig -lpthread -lz -lm -ldl -lgthread-2.0 -lglib-2.0 -lrt
configure:12167: set QT4_MOC... /usr/share/qt4/bin/moc
configure:12204: checking for cos in -lm
configure:12229: g++ -o conftest -g -O2  -I/usr/include  -L/usr/lib64 conftest.cpp -lm   >&5
conftest.cpp:30:6: warning: declaration of 'char cos()' conflicts with built-in declaration 'double cos(double)' [-Wbuiltin-declaration-mismatch]
   30 | char cos ();
      |      ^~~
configure:12229: $? = 0
configure:12238: result: yes
configure:12246: checking for main in -lrcsc_geom
configure:12265: g++ -o conftest -g -O2  -I/usr/include  -L/usr/lib64 conftest.cpp -lrcsc_geom  -lm  >&5
configure:12265: $? = 0
configure:12274: result: yes
configure:12282: checking for main in -lrcsc_rcg
configure:12301: g++ -o conftest -g -O2  -I/usr/include  -L/usr/lib64 conftest.cpp -lrcsc_rcg  -lrcsc_geom -lm  >&5
configure:12301: $? = 0
configure:12310: result: yes
configure:12318: checking for main in -lrcsc_gz
configure:12337: g++ -o conftest -g -O2  -I/usr/include  -L/usr/lib64 conftest.cpp -lrcsc_gz  -lrcsc_rcg -lrcsc_geom -lm  >&5
configure:12337: $? = 0
configure:12346: result: yes
configure:12357: checking for main in -lrcsc_param
configure:12376: g++ -o conftest -g -O2  -I/usr/include  -L/usr/lib64 conftest.cpp -lrcsc_param  -lrcsc_gz -lrcsc_rcg -lrcsc_geom -lm  >&5
configure:12376: $? = 0
configure:12385: result: yes
configure:12393: checking for main in -lrcsc_net
configure:12412: g++ -o conftest -g -O2  -I/usr/include  -L/usr/lib64 conftest.cpp -lrcsc_net  -lrcsc_param -lrcsc_gz -lrcsc_rcg -lrcsc_geom -lm  >&5
configure:12412: $? = 0
configure:12421: result: yes
configure:12429: checking for main in -lrcsc_time
configure:12448: g++ -o conftest -g -O2  -I/usr/include  -L/usr/lib64 conftest.cpp -lrcsc_time  -lrcsc_net -lrcsc_param -lrcsc_gz -lrcsc_rcg -lrcsc_geom -lm  >&5
configure:12448: $? = 0
configure:12457: result: yes
configure:12465: checking for main in -lrcsc_ann
configure:12484: g++ -o conftest -g -O2  -I/usr/include  -L/usr/lib64 conftest.cpp -lrcsc_ann  -lrcsc_time -lrcsc_net -lrcsc_param -lrcsc_gz -lrcsc_rcg -lrcsc_geom -lm  >&5
configure:12484: $? = 0
configure:12493: result: yes
configure:12501: checking for main in -lrcsc_agent
configure:12520: g++ -o conftest -g -O2  -I/usr/include  -L/usr/lib64 conftest.cpp -lrcsc_agent  -lrcsc_ann -lrcsc_time -lrcsc_net -lrcsc_param -lrcsc_gz -lrcsc_rcg -lrcsc_geom -lm  >&5
configure:12520: $? = 0
configure:12529: result: yes
configure:12542: checking for stdbool.h that conforms to C99
configure:12609: g++ -c -g -O2  -I/usr/include conftest.cpp >&5
conftest.cpp:27:15: error: expected unqualified-id before string constant
   27 |               "error: bool is not defined"
      |               ^~~~~~~~~~~~~~~~~~~~~~~~~~~~
conftest.cpp:45:48: error: 's' does not name a type
   45 |              struct s { _Bool s: 1; _Bool t; } s;
      |                                                ^
conftest.cpp:55:28: error: 's' was not declared in this scope
   55 |              char i[sizeof s.t];
      |                            ^
conftest.cpp: In function 'int main()':
conftest.cpp:73:24: error: 's' was not declared in this scope
   73 |              bool e = &s;
      |                        ^
conftest.cpp:77:63: error: 'i' was not declared in this scope
   77 |              return (!a + !b + !c + !d + !e + !f + !g + !h + !i + !!j + !k + !!l
      |                                                               ^
configure:12609: $? = 1
configure: failed program was:
| /* confdefs.h */
| #define PACKAGE_NAME "fedit2"
| #define PACKAGE_TARNAME "fedit2"
| #define PACKAGE_VERSION "0.0.1"
| #define PACKAGE_STRING "fedit2 0.0.1"
| #define PACKAGE_BUGREPORT "akky@users.sourceforge.jp"
| #define PACKAGE_URL ""
| #define PACKAGE "fedit2"
| #define VERSION "0.0.1"
| #define HAVE_SYS_TYPES_H 1
| #define HAVE_SYS_STAT_H 1
| #define HAVE_STDLIB_H 1
| #define HAVE_STRING_H 1
| #define HAVE_MEMORY_H 1
| #define HAVE_STRINGS_H 1
| #define HAVE_INTTYPES_H 1
| #define HAVE_STDINT_H 1
| #define HAVE_UNISTD_H 1
| #define HAVE_DLFCN_H 1
| #define LT_OBJDIR ".libs/"
| #define HAVE_BOOST /**/
| #define HAVE_LIBRCSC_GZ 1
| /* end confdefs.h.  */
| 
|              #include <stdbool.h>
|              #ifndef bool
|               "error: bool is not defined"
|              #endif
|              #ifndef false
|               "error: false is not defined"
|              #endif
|              #if false
|               "error: false is not 0"
|              #endif
|              #ifndef true
|               "error: true is not defined"
|              #endif
|              #if true != 1
|               "error: true is not 1"
|              #endif
|              #ifndef __bool_true_false_are_defined
|               "error: __bool_true_false_are_defined is not defined"
|              #endif
| 
|              struct s { _Bool s: 1; _Bool t; } s;
| 
|              char a[true == 1 ? 1 : -1];
|              char b[false == 0 ? 1 : -1];
|              char c[__bool_true_false_are_defined == 1 ? 1 : -1];
|              char d[(bool) 0.5 == true ? 1 : -1];
|              /* See body of main program for 'e'.  */
|              char f[(_Bool) 0.0 == false ? 1 : -1];
|              char g[true];
|              char h[sizeof (_Bool)];
|              char i[sizeof s.t];
|              enum { j = false, k = true, l = false * true, m = true * 256 };
|              /* The following fails for
|                 HP aC++/ANSI C B3910B A.05.55 [Dec 04 2003]. */
|              _Bool n[m];
|              char o[sizeof n == m * sizeof n[0] ? 1 : -1];
|              char p[-1 - (_Bool) 0 < 0 && -1 - (bool) 0 < 0 ? 1 : -1];
|              /* Catch a bug in an HP-UX C compiler.  See
|                 http://gcc.gnu.org/ml/gcc-patches/2003-12/msg02303.html
|                 http://lists.gnu.org/archive/html/bug-coreutils/2005-11/msg00161.html
|               */
|              _Bool q = true;
|              _Bool *pq = &q;
| 
| int
| main ()
| {
| 
|              bool e = &s;
|              *pq |= q;
|              *pq |= ! q;
|              /* Refer to every declared value, to avoid compiler optimizations.  */
|              return (!a + !b + !c + !d + !e + !f + !g + !h + !i + !!j + !k + !!l
|                      + !m + !n + !o + !p + !q + !pq);
| 
|   ;
|   return 0;
| }
configure:12616: result: no
configure:12618: checking for _Bool
configure:12618: g++ -c -g -O2  -I/usr/include conftest.cpp >&5
conftest.cpp: In function 'int main()':
conftest.cpp:60:13: error: '_Bool' was not declared in this scope
   60 | if (sizeof (_Bool))
      |             ^~~~~
configure:12618: $? = 1
configure: failed program was:
| /* confdefs.h */
| #define PACKAGE_NAME "fedit2"
| #define PACKAGE_TARNAME "fedit2"
| #define PACKAGE_VERSION "0.0.1"
| #define PACKAGE_STRING "fedit2 0.0.1"
| #define PACKAGE_BUGREPORT "akky@users.sourceforge.jp"
| #define PACKAGE_URL ""
| #define PACKAGE "fedit2"
| #define VERSION "0.0.1"
| #define HAVE_SYS_TYPES_H 1
| #define HAVE_SYS_STAT_H 1
| #define HAVE_STDLIB_H 1
| #define HAVE_STRING_H 1
| #define HAVE_MEMORY_H 1
| #define HAVE_STRINGS_H 1
| #define HAVE_INTTYPES_H 1
| #define HAVE_STDINT_H 1
| #define HAVE_UNISTD_H 1
| #define HAVE_DLFCN_H 1
| #define LT_OBJDIR ".libs/"
| #define HAVE_BOOST /**/
| #define HAVE_LIBRCSC_GZ 1
| /* end confdefs.h.  */
| #include <stdio.h>
| #ifdef HAVE_SYS_TYPES_H
| # include <sys/types.h>
| #endif
| #ifdef HAVE_SYS_STAT_H
| # include <sys/stat.h>
| #endif
| #ifdef STDC_HEADERS
| # include <stdlib.h>
| # include <stddef.h>
| #else
| # ifdef HAVE_STDLIB_H
| #  include <stdlib.h>
| # endif
| #endif
| #ifdef HAVE_STRING_H
| # if !defined STDC_HEADERS && defined HAVE_MEMORY_H
| #  include <memory.h>
| # endif
| # include <string.h>
| #endif
| #ifdef HAVE_STRINGS_H
| # include <strings.h>
| #endif
| #ifdef HAVE_INTTYPES_H
| # include <inttypes.h>
| #endif
| #ifdef HAVE_STDINT_H
| # include <stdint.h>
| #endif
| #ifdef HAVE_UNISTD_H
| # include <unistd.h>
| #endif
| int
| main ()
| {
| if (sizeof (_Bool))
| 	 return 0;
|   ;
|   return 0;
| }
configure:12618: result: no
configure:12635: checking for an ANSI C-conforming const
configure:12701: g++ -c -g -O2  -I/usr/include conftest.cpp >&5
configure:12701: $? = 0
configure:12708: result: yes
configure:12716: checking for inline
configure:12732: g++ -c -g -O2  -I/usr/include conftest.cpp >&5
configure:12732: $? = 0
configure:12740: result: inline
configure:12758: checking for size_t
configure:12758: g++ -c -g -O2  -I/usr/include conftest.cpp >&5
configure:12758: $? = 0
configure:12758: g++ -c -g -O2  -I/usr/include conftest.cpp >&5
conftest.cpp: In function 'int main()':
conftest.cpp:60:20: error: expected primary-expression before ')' token
   60 | if (sizeof ((size_t)))
      |                    ^
configure:12758: $? = 1
configure: failed program was:
| /* confdefs.h */
| #define PACKAGE_NAME "fedit2"
| #define PACKAGE_TARNAME "fedit2"
| #define PACKAGE_VERSION "0.0.1"
| #define PACKAGE_STRING "fedit2 0.0.1"
| #define PACKAGE_BUGREPORT "akky@users.sourceforge.jp"
| #define PACKAGE_URL ""
| #define PACKAGE "fedit2"
| #define VERSION "0.0.1"
| #define HAVE_SYS_TYPES_H 1
| #define HAVE_SYS_STAT_H 1
| #define HAVE_STDLIB_H 1
| #define HAVE_STRING_H 1
| #define HAVE_MEMORY_H 1
| #define HAVE_STRINGS_H 1
| #define HAVE_INTTYPES_H 1
| #define HAVE_STDINT_H 1
| #define HAVE_UNISTD_H 1
| #define HAVE_DLFCN_H 1
| #define LT_OBJDIR ".libs/"
| #define HAVE_BOOST /**/
| #define HAVE_LIBRCSC_GZ 1
| /* end confdefs.h.  */
| #include <stdio.h>
| #ifdef HAVE_SYS_TYPES_H
| # include <sys/types.h>
| #endif
| #ifdef HAVE_SYS_STAT_H
| # include <sys/stat.h>
| #endif
| #ifdef STDC_HEADERS
| # include <stdlib.h>
| # include <stddef.h>
| #else
| # ifdef HAVE_STDLIB_H
| #  include <stdlib.h>
| # endif
| #endif
| #ifdef HAVE_STRING_H
| # if !defined STDC_HEADERS && defined HAVE_MEMORY_H
| #  include <memory.h>
| # endif
| # include <string.h>
| #endif
| #ifdef HAVE_STRINGS_H
| # include <strings.h>
| #endif
| #ifdef HAVE_INTTYPES_H
| # include <inttypes.h>
| #endif
| #ifdef HAVE_STDINT_H
| # include <stdint.h>
| #endif
| #ifdef HAVE_UNISTD_H
| # include <unistd.h>
| #endif
| int
| main ()
| {
| if (sizeof ((size_t)))
| 	    return 0;
|   ;
|   return 0;
| }
configure:12758: result: yes
configure:12769: checking for uint32_t
configure:12769: g++ -c -g -O2  -I/usr/include conftest.cpp >&5
configure:12769: $? = 0
configure:12769: result: yes
configure:12783: checking for ptrdiff_t
configure:12783: g++ -c -g -O2  -I/usr/include conftest.cpp >&5
conftest.cpp: In function 'int main()':
conftest.cpp:60:13: error: 'ptrdiff_t' was not declared in this scope; did you mean 'std::ptrdiff_t'?
   60 | if (sizeof (ptrdiff_t))
      |             ^~~~~~~~~
      |             std::ptrdiff_t
In file included from /usr/include/c++/9/cstdlib:41,
                 from /usr/include/c++/9/stdlib.h:36,
                 from conftest.cpp:36:
/usr/include/x86_64-linux-gnu/c++/9/bits/c++config.h:259:28: note: 'std::ptrdiff_t' declared here
  259 |   typedef __PTRDIFF_TYPE__ ptrdiff_t;
      |                            ^~~~~~~~~
configure:12783: $? = 1
configure: failed program was:
| /* confdefs.h */
| #define PACKAGE_NAME "fedit2"
| #define PACKAGE_TARNAME "fedit2"
| #define PACKAGE_VERSION "0.0.1"
| #define PACKAGE_STRING "fedit2 0.0.1"
| #define PACKAGE_BUGREPORT "akky@users.sourceforge.jp"
| #define PACKAGE_URL ""
| #define PACKAGE "fedit2"
| #define VERSION "0.0.1"
| #define HAVE_SYS_TYPES_H 1
| #define HAVE_SYS_STAT_H 1
| #define HAVE_STDLIB_H 1
| #define HAVE_STRING_H 1
| #define HAVE_MEMORY_H 1
| #define HAVE_STRINGS_H 1
| #define HAVE_INTTYPES_H 1
| #define HAVE_STDINT_H 1
| #define HAVE_UNISTD_H 1
| #define HAVE_DLFCN_H 1
| #define LT_OBJDIR ".libs/"
| #define HAVE_BOOST /**/
| #define HAVE_LIBRCSC_GZ 1
| /* end confdefs.h.  */
| #include <stdio.h>
| #ifdef HAVE_SYS_TYPES_H
| # include <sys/types.h>
| #endif
| #ifdef HAVE_SYS_STAT_H
| # include <sys/stat.h>
| #endif
| #ifdef STDC_HEADERS
| # include <stdlib.h>
| # include <stddef.h>
| #else
| # ifdef HAVE_STDLIB_H
| #  include <stdlib.h>
| # endif
| #endif
| #ifdef HAVE_STRING_H
| # if !defined STDC_HEADERS && defined HAVE_MEMORY_H
| #  include <memory.h>
| # endif
| # include <string.h>
| #endif
| #ifdef HAVE_STRINGS_H
| # include <strings.h>
| #endif
| #ifdef HAVE_INTTYPES_H
| # include <inttypes.h>
| #endif
| #ifdef HAVE_STDINT_H
| # include <stdint.h>
| #endif
| #ifdef HAVE_UNISTD_H
| # include <unistd.h>
| #endif
| int
| main ()
| {
| if (sizeof (ptrdiff_t))
| 	 return 0;
|   ;
|   return 0;
| }
configure:12783: result: no
configure:12796: checking for ANSI C header files
configure:12900: result: no
configure:12911: checking for sqrt
configure:12911: g++ -o conftest -g -O2  -I/usr/include  -L/usr/lib64 conftest.cpp -lrcsc_agent -lrcsc_ann -lrcsc_time -lrcsc_net -lrcsc_param -lrcsc_gz -lrcsc_rcg -lrcsc_geom -lm  >&5
conftest.cpp:47:6: warning: declaration of 'char sqrt()' conflicts with built-in declaration 'double sqrt(double)' [-Wbuiltin-declaration-mismatch]
   47 | char sqrt ();
      |      ^~~~
configure:12911: $? = 0
configure:12911: result: yes
configure:12911: checking for rint
configure:12911: g++ -o conftest -g -O2  -I/usr/include  -L/usr/lib64 conftest.cpp -lrcsc_agent -lrcsc_ann -lrcsc_time -lrcsc_net -lrcsc_param -lrcsc_gz -lrcsc_rcg -lrcsc_geom -lm  >&5
conftest.cpp:48:6: warning: declaration of 'char rint()' conflicts with built-in declaration 'double rint(double)' [-Wbuiltin-declaration-mismatch]
   48 | char rint ();
      |      ^~~~
configure:12911: $? = 0
configure:12911: result: yes
configure:13025: checking that generated files are newer than configure
configure:13031: result: done
configure:13058: creating ./config.status

## ---------------------- ##
## Running config.status. ##
## ---------------------- ##

This file was extended by fedit2 config.status 0.0.1, which was
generated by GNU Autoconf 2.69.  Invocation command line was

  CONFIG_FILES    = 
  CONFIG_HEADERS  = 
  CONFIG_LINKS    = 
  CONFIG_COMMANDS = 
  $ ./config.status 

on jeferson

config.status:1165: creating Makefile
config.status:1165: creating src/Makefile
config.status:1165: creating tool/Makefile
config.status:1165: creating config.h
config.status:1394: executing depfiles commands
config.status:1394: executing libtool commands

## ---------------- ##
## Cache variables. ##
## ---------------- ##

ac_cv_build=x86_64-pc-linux-gnu
ac_cv_c_compiler_gnu=yes
ac_cv_c_const=yes
ac_cv_c_inline=inline
ac_cv_c_uint32_t=yes
ac_cv_cxx_compiler_gnu=yes
ac_cv_env_CCC_set=
ac_cv_env_CCC_value=
ac_cv_env_CC_set=
ac_cv_env_CC_value=
ac_cv_env_CFLAGS_set=
ac_cv_env_CFLAGS_value=
ac_cv_env_CPPFLAGS_set=
ac_cv_env_CPPFLAGS_value=
ac_cv_env_CPP_set=
ac_cv_env_CPP_value=
ac_cv_env_CXXCPP_set=
ac_cv_env_CXXCPP_value=
ac_cv_env_CXXFLAGS_set=
ac_cv_env_CXXFLAGS_value=
ac_cv_env_CXX_set=
ac_cv_env_CXX_value=
ac_cv_env_LDFLAGS_set=
ac_cv_env_LDFLAGS_value=
ac_cv_env_LIBS_set=
ac_cv_env_LIBS_value=
ac_cv_env_LT_SYS_LIBRARY_PATH_set=
ac_cv_env_LT_SYS_LIBRARY_PATH_value=
ac_cv_env_PKG_CONFIG_LIBDIR_set=
ac_cv_env_PKG_CONFIG_LIBDIR_value=
ac_cv_env_PKG_CONFIG_PATH_set=
ac_cv_env_PKG_CONFIG_PATH_value=
ac_cv_env_PKG_CONFIG_set=
ac_cv_env_PKG_CONFIG_value=
ac_cv_env_Qt4_CFLAGS_set=
ac_cv_env_Qt4_CFLAGS_value=
ac_cv_env_Qt4_LIBS_set=
ac_cv_env_Qt4_LIBS_value=
ac_cv_env_build_alias_set=
ac_cv_env_build_alias_value=
ac_cv_env_host_alias_set=
ac_cv_env_host_alias_value=
ac_cv_env_target_alias_set=
ac_cv_env_target_alias_value=
ac_cv_func_rint=yes
ac_cv_func_sqrt=yes
ac_cv_header_dlfcn_h=yes
ac_cv_header_inttypes_h=yes
ac_cv_header_memory_h=yes
ac_cv_header_stdbool_h=no
ac_cv_header_stdc=no
ac_cv_header_stdint_h=yes
ac_cv_header_stdlib_h=yes
ac_cv_header_string_h=yes
ac_cv_header_strings_h=yes
ac_cv_header_sys_stat_h=yes
ac_cv_header_sys_types_h=yes
ac_cv_header_unistd_h=yes
ac_cv_host=x86_64-pc-linux-gnu
ac_cv_lib_m_cos=yes
ac_cv_lib_rcsc_agent_main=yes
ac_cv_lib_rcsc_ann_main=yes
ac_cv_lib_rcsc_geom_main=yes
ac_cv_lib_rcsc_gz_main=yes
ac_cv_lib_rcsc_net_main=yes
ac_cv_lib_rcsc_param_main=yes
ac_cv_lib_rcsc_rcg_main=yes
ac_cv_lib_rcsc_time_main=yes
ac_cv_objext=o
ac_cv_path_EGREP='/usr/bin/grep -E'
ac_cv_path_FGREP='/usr/bin/grep -F'
ac_cv_path_GREP=/usr/bin/grep
ac_cv_path_PKG_CONFIG=/usr/bin/pkg-config
ac_cv_path_SED=/usr/bin/sed
ac_cv_path_ac_pt_PKG_CONFIG=/usr/bin/pkg-config
ac_cv_path_install='/usr/bin/install -c'
ac_cv_path_lt_DD=/usr/bin/dd
ac_cv_path_mkdir=/usr/bin/mkdir
ac_cv_prog_AWK=mawk
ac_cv_prog_CPP='gcc -E'
ac_cv_prog_CXXCPP='g++ -E'
ac_cv_prog_ac_ct_AR=ar
ac_cv_prog_ac_ct_CC=gcc
ac_cv_prog_ac_ct_CXX=g++
ac_cv_prog_ac_ct_MANIFEST_TOOL=mt
ac_cv_prog_ac_ct_OBJDUMP=objdump
ac_cv_prog_ac_ct_RANLIB=ranlib
ac_cv_prog_ac_ct_STRIP=strip
ac_cv_prog_cc_c89=
ac_cv_prog_cc_g=yes
ac_cv_prog_cxx_g=yes
ac_cv_prog_make_make_set=yes
ac_cv_type__Bool=no
ac_cv_type_ptrdiff_t=no
ac_cv_type_size_t=yes
am_cv_CC_dependencies_compiler_type=gcc3
am_cv_CXX_dependencies_compiler_type=gcc3
am_cv_make_support_nested_variables=yes
am_cv_prog_cc_c_o=yes
lt_cv_ar_at_file=@
lt_cv_archive_cmds_need_lc=no
lt_cv_deplibs_check_method=pass_all
lt_cv_file_magic_cmd='$MAGIC_CMD'
lt_cv_file_magic_test_file=
lt_cv_ld_reload_flag=-r
lt_cv_nm_interface='BSD nm'
lt_cv_objdir=.libs
lt_cv_path_LD=/usr/bin/ld
lt_cv_path_LDCXX='/usr/bin/ld -m elf_x86_64'
lt_cv_path_NM='/usr/bin/nm -B'
lt_cv_path_mainfest_tool=no
lt_cv_prog_compiler_c_o=yes
lt_cv_prog_compiler_c_o_CXX=yes
lt_cv_prog_compiler_pic='-fPIC -DPIC'
lt_cv_prog_compiler_pic_CXX='-fPIC -DPIC'
lt_cv_prog_compiler_pic_works=yes
lt_cv_prog_compiler_pic_works_CXX=yes
lt_cv_prog_compiler_rtti_exceptions=no
lt_cv_prog_compiler_static_works=yes
lt_cv_prog_compiler_static_works_CXX=yes
lt_cv_prog_gnu_ld=yes
lt_cv_prog_gnu_ldcxx=yes
lt_cv_sharedlib_from_linklib_cmd='printf %s\n'
lt_cv_shlibpath_overrides_runpath=yes
lt_cv_sys_global_symbol_pipe='sed -n -e '\''s/^.*[	 ]\([ABCDGIRSTW][ABCDGIRSTW]*\)[	 ][	 ]*\([_A-Za-z][_A-Za-z0-9]*\)$/\1 \2 \2/p'\'' | sed '\''/ __gnu_lto/d'\'''
lt_cv_sys_global_symbol_to_c_name_address='sed -n -e '\''s/^: \(.*\) .*$/  {"\1", (void *) 0},/p'\'' -e '\''s/^[ABCDGIRSTW][ABCDGIRSTW]* .* \(.*\)$/  {"\1", (void *) \&\1},/p'\'''
lt_cv_sys_global_symbol_to_c_name_address_lib_prefix='sed -n -e '\''s/^: \(.*\) .*$/  {"\1", (void *) 0},/p'\'' -e '\''s/^[ABCDGIRSTW][ABCDGIRSTW]* .* \(lib.*\)$/  {"\1", (void *) \&\1},/p'\'' -e '\''s/^[ABCDGIRSTW][ABCDGIRSTW]* .* \(.*\)$/  {"lib\1", (void *) \&\1},/p'\'''
lt_cv_sys_global_symbol_to_cdecl='sed -n -e '\''s/^T .* \(.*\)$/extern int \1();/p'\'' -e '\''s/^[ABCDGIRSTW][ABCDGIRSTW]* .* \(.*\)$/extern char \1;/p'\'''
lt_cv_sys_global_symbol_to_import=
lt_cv_sys_max_cmd_len=1572864
lt_cv_to_host_file_cmd=func_convert_file_noop
lt_cv_to_tool_file_cmd=func_convert_file_noop
lt_cv_truncate_bin='/usr/bin/dd bs=4096 count=1'
pkg_cv_Qt4_CFLAGS='-DQT_SHARED -I/usr/include/qt4 -I/usr/include/qt4/QtCore'
pkg_cv_Qt4_LIBS=-lQtCore

## ----------------- ##
## Output variables. ##
## ----------------- ##

ACLOCAL='${SHELL} /home/jeferson/Documents/robocin-seletiva/robocin-2d/ferramentas/fedit2-0.0.1/missing aclocal-1.15'
AMDEPBACKSLASH='\'
AMDEP_FALSE='#'
AMDEP_TRUE=''
AMTAR='$${TAR-tar}'
AM_BACKSLASH='\'
AM_DEFAULT_V='$(AM_DEFAULT_VERBOSITY)'
AM_DEFAULT_VERBOSITY='1'
AM_V='$(V)'
AR='ar'
AUTOCONF='${SHELL} /home/jeferson/Documents/robocin-seletiva/robocin-2d/ferramentas/fedit2-0.0.1/missing autoconf'
AUTOHEADER='${SHELL} /home/jeferson/Documents/robocin-seletiva/robocin-2d/ferramentas/fedit2-0.0.1/missing autoheader'
AUTOMAKE='${SHELL} /home/jeferson/Documents/robocin-seletiva/robocin-2d/ferramentas/fedit2-0.0.1/missing automake-1.15'
AWK='mawk'
BOOST_CPPFLAGS='-I/usr/include'
BOOST_LDFLAGS='-L/usr/lib64'
CC='gcc'
CCDEPMODE='depmode=gcc3'
CFLAGS='-g -O2'
CPP='gcc -E'
CPPFLAGS=' -I/usr/include'
CXX='g++'
CXXCPP='g++ -E'
CXXDEPMODE='depmode=gcc3'
CXXFLAGS='-g -O2'
CYGPATH_W='echo'
DEFS='-DHAVE_CONFIG_H'
DEPDIR='.deps'
DLLTOOL='false'
DSYMUTIL=''
DUMPBIN=''
ECHO_C=''
ECHO_N='-n'
ECHO_T=''
EGREP='/usr/bin/grep -E'
EXEEXT=''
FGREP='/usr/bin/grep -F'
GREP='/usr/bin/grep'
INSTALL_DATA='${INSTALL} -m 644'
INSTALL_PROGRAM='${INSTALL}'
INSTALL_SCRIPT='${INSTALL}'
INSTALL_STRIP_PROGRAM='$(install_sh) -c -s'
LD='/usr/bin/ld -m elf_x86_64'
LDFLAGS=' -L/usr/lib64'
LIBOBJS=''
LIBRCSCLIB='/usr/local/lib'
LIBS='-lrcsc_agent -lrcsc_ann -lrcsc_time -lrcsc_net -lrcsc_param -lrcsc_gz -lrcsc_rcg -lrcsc_geom -lm '
LIBTOOL='$(SHELL) $(top_builddir)/libtool'
LIBTOOL_DEPS='./ltmain.sh'
LIPO=''
LN_S='ln -s'
LTLIBOBJS=''
LT_SYS_LIBRARY_PATH=''
MAKEINFO='${SHELL} /home/jeferson/Documents/robocin-seletiva/robocin-2d/ferramentas/fedit2-0.0.1/missing makeinfo'
MANIFEST_TOOL=':'
MKDIR_P='/usr/bin/mkdir -p'
NM='/usr/bin/nm -B'
NMEDIT=''
OBJDUMP='objdump'
OBJEXT='o'
OTOOL64=''
OTOOL=''
PACKAGE='fedit2'
PACKAGE_BUGREPORT='akky@users.sourceforge.jp'
PACKAGE_NAME='fedit2'
PACKAGE_STRING='fedit2 0.0.1'
PACKAGE_TARNAME='fedit2'
PACKAGE_URL=''
PACKAGE_VERSION='0.0.1'
PATH_SEPARATOR=':'
PKG_CONFIG='/usr/bin/pkg-config'
PKG_CONFIG_LIBDIR=''
PKG_CONFIG_PATH=''
QT4_CFLAGS='-DQT_SHARED -I/usr/include/qt4 -I/usr/include/qt4/QtGui -I/usr/include/qt4 -I/usr/include/qt4/QtNetwork -I/usr/include/qt4 -I/usr/include/qt4/QtCore'
QT4_CPPFLAGS=''
QT4_CXXFLAGS='-DQT_SHARED -I/usr/include/qt4 -I/usr/include/qt4/QtGui -I/usr/include/qt4 -I/usr/include/qt4/QtNetwork -I/usr/include/qt4 -I/usr/include/qt4/QtCore'
QT4_LDADD='-pthread -lQtGui -lQtCore -lfontconfig -lpthread -laudio -lXt -lgthread-2.0 -lglib-2.0 -lpng -lz -lfreetype -lgobject-2.0 -lglib-2.0 -lSM -lICE -lXi -lXrender -lfontconfig -lfreetype -lXext -lX11 -lm -lQtNetwork -lQtCore -lfontconfig -lpthread -lz -lQtCore -lfontconfig -lpthread -lz -lm -ldl -lgthread-2.0 -lglib-2.0 -lrt'
QT4_LDFLAGS='-L/usr/X11R6/lib64'
QT4_MOC='/usr/share/qt4/bin/moc'
Qt4_CFLAGS='-DQT_SHARED -I/usr/include/qt4 -I/usr/include/qt4/QtCore'
Qt4_LIBS='-lQtCore'
RANLIB='ranlib'
SED='/usr/bin/sed'
SET_MAKE=''
SHELL='/bin/bash'
STRIP='strip'
VERSION='0.0.1'
ac_ct_AR='ar'
ac_ct_CC='gcc'
ac_ct_CXX='g++'
ac_ct_DUMPBIN=''
am__EXEEXT_FALSE=''
am__EXEEXT_TRUE='#'
am__fastdepCC_FALSE='#'
am__fastdepCC_TRUE=''
am__fastdepCXX_FALSE='#'
am__fastdepCXX_TRUE=''
am__include='include'
am__isrc=''
am__leading_dot='.'
am__nodep='_no'
am__quote=''
am__tar='$${TAR-tar} chof - "$$tardir"'
am__untar='$${TAR-tar} xf -'
bindir='${exec_prefix}/bin'
build='x86_64-pc-linux-gnu'
build_alias=''
build_cpu='x86_64'
build_os='linux-gnu'
build_vendor='pc'
datadir='${datarootdir}'
datarootdir='${prefix}/share'
docdir='${datarootdir}/doc/${PACKAGE_TARNAME}'
dvidir='${docdir}'
exec_prefix='${prefix}'
host='x86_64-pc-linux-gnu'
host_alias=''
host_cpu='x86_64'
host_os='linux-gnu'
host_vendor='pc'
htmldir='${docdir}'
includedir='${prefix}/include'
infodir='${datarootdir}/info'
install_sh='${SHELL} /home/jeferson/Documents/robocin-seletiva/robocin-2d/ferramentas/fedit2-0.0.1/install-sh'
libdir='${exec_prefix}/lib'
libexecdir='${exec_prefix}/libexec'
localedir='${datarootdir}/locale'
localstatedir='${prefix}/var'
mandir='${datarootdir}/man'
mkdir_p='$(MKDIR_P)'
oldincludedir='/usr/include'
pdfdir='${docdir}'
prefix='/usr/local'
program_transform_name='s,x,x,'
psdir='${docdir}'
runstatedir='${localstatedir}/run'
sbindir='${exec_prefix}/sbin'
sharedstatedir='${prefix}/com'
sysconfdir='${prefix}/etc'
target_alias=''

## ----------- ##
## confdefs.h. ##
## ----------- ##

/* confdefs.h */
#define PACKAGE_NAME "fedit2"
#define PACKAGE_TARNAME "fedit2"
#define PACKAGE_VERSION "0.0.1"
#define PACKAGE_STRING "fedit2 0.0.1"
#define PACKAGE_BUGREPORT "akky@users.sourceforge.jp"
#define PACKAGE_URL ""
#define PACKAGE "fedit2"
#define VERSION "0.0.1"
#define HAVE_SYS_TYPES_H 1
#define HAVE_SYS_STAT_H 1
#define HAVE_STDLIB_H 1
#define HAVE_STRING_H 1
#define HAVE_MEMORY_H 1
#define HAVE_STRINGS_H 1
#define HAVE_INTTYPES_H 1
#define HAVE_STDINT_H 1
#define HAVE_UNISTD_H 1
#define HAVE_DLFCN_H 1
#define LT_OBJDIR ".libs/"
#define HAVE_BOOST /**/
#define HAVE_LIBRCSC_GZ 1
#define HAVE_SQRT 1
#define HAVE_RINT 1

configure: exit 0
