This file contains any messages produced by compilers while
running configure, to aid debugging if configure makes a mistake.

It was created by librcsc configure 4.1.0, which was
generated by GNU Autoconf 2.67.  Invocation command line was

  $ ./configure 

## --------- ##
## Platform. ##
## --------- ##

hostname = jeferson
uname -m = x86_64
uname -r = 5.15.0-46-generic
uname -s = Linux
uname -v = #49~20.04.1-Ubuntu SMP Thu Aug 4 19:15:44 UTC 2022

/usr/bin/uname -p = x86_64
/bin/uname -X     = unknown

/bin/arch              = x86_64
/usr/bin/arch -k       = unknown
/usr/convex/getsysinfo = unknown
/usr/bin/hostinfo      = unknown
/bin/machine           = unknown
/usr/bin/oslevel       = unknown
/bin/universe          = unknown

PATH: /home/jeferson/.local/bin
PATH: /usr/local/sbin
PATH: /usr/local/bin
PATH: /usr/sbin
PATH: /usr/bin
PATH: /sbin
PATH: /bin
PATH: /usr/games
PATH: /usr/local/games
PATH: /snap/bin


## ----------- ##
## Core tests. ##
## ----------- ##

configure:2688: checking for a BSD-compatible install
configure:2756: result: /usr/bin/install -c
configure:2767: checking whether build environment is sane
configure:2817: result: yes
configure:2958: checking for a thread-safe mkdir -p
configure:2997: result: /usr/bin/mkdir -p
configure:3010: checking for gawk
configure:3040: result: no
configure:3010: checking for mawk
configure:3026: found /usr/bin/mawk
configure:3037: result: mawk
configure:3048: checking whether make sets $(MAKE)
configure:3070: result: yes
configure:3192: checking build system type
configure:3206: result: x86_64-unknown-linux-gnu
configure:3226: checking host system type
configure:3239: result: x86_64-unknown-linux-gnu
configure:3271: checking for style of include used by make
configure:3299: result: GNU
configure:3369: checking for gcc
configure:3385: found /usr/bin/gcc
configure:3396: result: gcc
configure:3625: checking for C compiler version
configure:3634: gcc --version >&5
gcc (Ubuntu 9.4.0-1ubuntu1~20.04.1) 9.4.0
Copyright (C) 2019 Free Software Foundation, Inc.
This is free software; see the source for copying conditions.  There is NO
warranty; not even for MERCHANTABILITY or FITNESS FOR A PARTICULAR PURPOSE.

configure:3645: $? = 0
configure:3634: gcc -v >&5
Using built-in specs.
COLLECT_GCC=gcc
COLLECT_LTO_WRAPPER=/usr/lib/gcc/x86_64-linux-gnu/9/lto-wrapper
OFFLOAD_TARGET_NAMES=nvptx-none:hsa
OFFLOAD_TARGET_DEFAULT=1
Target: x86_64-linux-gnu
Configured with: ../src/configure -v --with-pkgversion='Ubuntu 9.4.0-1ubuntu1~20.04.1' --with-bugurl=file:///usr/share/doc/gcc-9/README.Bugs --enable-languages=c,ada,c++,go,brig,d,fortran,objc,obj-c++,gm2 --prefix=/usr --with-gcc-major-version-only --program-suffix=-9 --program-prefix=x86_64-linux-gnu- --enable-shared --enable-linker-build-id --libexecdir=/usr/lib --without-included-gettext --enable-threads=posix --libdir=/usr/lib --enable-nls --enable-clocale=gnu --enable-libstdcxx-debug --enable-libstdcxx-time=yes --with-default-libstdcxx-abi=new --enable-gnu-unique-object --disable-vtable-verify --enable-plugin --enable-default-pie --with-system-zlib --with-target-system-zlib=auto --enable-objc-gc=auto --enable-multiarch --disable-werror --with-arch-32=i686 --with-abi=m64 --with-multilib-list=m32,m64,mx32 --enable-multilib --with-tune=generic --enable-offload-targets=nvptx-none=/build/gcc-9-Av3uEd/gcc-9-9.4.0/debian/tmp-nvptx/usr,hsa --without-cuda-driver --enable-checking=release --build=x86_64-linux-gnu --host=x86_64-linux-gnu --target=x86_64-linux-gnu
Thread model: posix
gcc version 9.4.0 (Ubuntu 9.4.0-1ubuntu1~20.04.1) 
configure:3645: $? = 0
configure:3634: gcc -V >&5
gcc: error: unrecognized command line option '-V'
gcc: fatal error: no input files
compilation terminated.
configure:3645: $? = 1
configure:3634: gcc -qversion >&5
gcc: error: unrecognized command line option '-qversion'; did you mean '--version'?
gcc: fatal error: no input files
compilation terminated.
configure:3645: $? = 1
configure:3665: checking whether the C compiler works
configure:3687: gcc    conftest.c  >&5
configure:3691: $? = 0
configure:3739: result: yes
configure:3742: checking for C compiler default output file name
configure:3744: result: a.out
configure:3750: checking for suffix of executables
configure:3757: gcc -o conftest    conftest.c  >&5
configure:3761: $? = 0
configure:3783: result: 
configure:3805: checking whether we are cross compiling
configure:3813: gcc -o conftest    conftest.c  >&5
configure:3817: $? = 0
configure:3824: ./conftest
configure:3828: $? = 0
configure:3816: result: no
configure:3821: checking for suffix of object files
configure:3843: gcc -c   conftest.c >&5
configure:3847: $? = 0
configure:3868: result: o
configure:3872: checking whether we are using the GNU C compiler
configure:3891: gcc -c   conftest.c >&5
configure:3891: $? = 0
configure:3900: result: yes
configure:3909: checking whether gcc accepts -g
configure:3929: gcc -c -g  conftest.c >&5
configure:3929: $? = 0
configure:3970: result: yes
configure:3987: checking for gcc option to accept ISO C89
configure:4051: gcc  -c -g -O2  conftest.c >&5
configure:4051: $? = 0
configure:4064: result: none needed
configure:4086: checking dependency style of gcc
configure:4196: result: gcc3
configure:4211: checking for a sed that does not truncate output
configure:4275: result: /usr/bin/sed
configure:4293: checking for grep that handles long lines and -e
configure:4351: result: /usr/bin/grep
configure:4356: checking for egrep
configure:4418: result: /usr/bin/grep -E
configure:4423: checking for fgrep
configure:4485: result: /usr/bin/grep -F
configure:4520: checking for ld used by gcc
configure:4587: result: /usr/bin/ld
configure:4594: checking if the linker (/usr/bin/ld) is GNU ld
configure:4609: result: yes
configure:4621: checking for BSD- or MS-compatible name lister (nm)
configure:4670: result: /usr/bin/nm -B
configure:4788: checking the name lister (/usr/bin/nm -B) interface
configure:4826:  -c   conftest.cpp >&5
./configure: line 4796: -c: command not found
configure:4829: /usr/bin/nm -B "conftest.o"
/usr/bin/nm: 'conftest.o': No such file
configure:4832: output
configure:4802: result: BSD nm
configure:4805: checking whether ln -s works
configure:4809: result: yes
configure:4817: checking the maximum length of command line arguments
configure:4937: result: 1572864
configure:4954: checking whether the shell understands some XSI constructs
configure:4963: result: yes
configure:4967: checking whether the shell understands "+="
configure:4971: result: yes
configure:5006: checking for /usr/bin/ld option to reload object files
configure:5013: result: -r
configure:5082: checking for objdump
configure:5098: found /usr/bin/objdump
configure:5109: result: objdump
configure:5141: checking how to recognize dependent libraries
configure:5337: result: pass_all
configure:5397: checking for ar
configure:5413: found /usr/bin/ar
configure:5424: result: ar
configure:5502: checking for strip
configure:5518: found /usr/bin/strip
configure:5529: result: strip
configure:5601: checking for ranlib
configure:5617: found /usr/bin/ranlib
configure:5628: result: ranlib
configure:5718: checking command to parse /usr/bin/nm -B output from gcc object
configure:5836:  -c   conftest.cpp >&5
./configure: line 5837: -c: command not found
configure:5839: $? = 127
: failed program was:
#ifdef __cplusplus
extern "C" {
#endif
char nm_test_var;
void nm_test_func(void);
void nm_test_func(void){}
#ifdef __cplusplus
}
#endif
int main(){nm_test_var='a';nm_test_func();return(0);}
configure:5836:  -c   conftest.cpp >&5
./configure: line 5837: -c: command not found
configure:5839: $? = 127
: failed program was:
#ifdef __cplusplus
extern "C" {
#endif
char nm_test_var;
void nm_test_func(void);
void nm_test_func(void){}
#ifdef __cplusplus
}
#endif
int main(){nm_test_var='a';nm_test_func();return(0);}
configure:5938: result: failed
configure:6037:  -c   conftest.cpp >&5
./configure: line 6038: -c: command not found
configure:6040: $? = 127
configure:6750: checking how to run the C preprocessor
configure:6781: gcc -E  conftest.c
configure:6781: $? = 0
configure:6795: gcc -E  conftest.c
conftest.c:11:10: fatal error: ac_nonexistent.h: No such file or directory
   11 | #include <ac_nonexistent.h>
      |          ^~~~~~~~~~~~~~~~~~
compilation terminated.
configure:6795: $? = 1
configure: failed program was:
| /* confdefs.h */
| #define PACKAGE_NAME "librcsc"
| #define PACKAGE_TARNAME "librcsc"
| #define PACKAGE_VERSION "4.1.0"
| #define PACKAGE_STRING "librcsc 4.1.0"
| #define PACKAGE_BUGREPORT "akky@users.sourceforge.jp"
| #define PACKAGE_URL ""
| #define PACKAGE "librcsc"
| #define VERSION "4.1.0"
| /* end confdefs.h.  */
| #include <ac_nonexistent.h>
configure:6820: result: gcc -E
configure:6840: gcc -E  conftest.c
configure:6840: $? = 0
configure:6854: gcc -E  conftest.c
conftest.c:11:10: fatal error: ac_nonexistent.h: No such file or directory
   11 | #include <ac_nonexistent.h>
      |          ^~~~~~~~~~~~~~~~~~
compilation terminated.
configure:6854: $? = 1
configure: failed program was:
| /* confdefs.h */
| #define PACKAGE_NAME "librcsc"
| #define PACKAGE_TARNAME "librcsc"
| #define PACKAGE_VERSION "4.1.0"
| #define PACKAGE_STRING "librcsc 4.1.0"
| #define PACKAGE_BUGREPORT "akky@users.sourceforge.jp"
| #define PACKAGE_URL ""
| #define PACKAGE "librcsc"
| #define VERSION "4.1.0"
| /* end confdefs.h.  */
| #include <ac_nonexistent.h>
configure:6883: checking for ANSI C header files
configure:6903: gcc -c -g -O2  conftest.c >&5
configure:6903: $? = 0
configure:6976: gcc -o conftest -g -O2   conftest.c  >&5
configure:6976: $? = 0
configure:6976: ./conftest
configure:6976: $? = 0
configure:6987: result: yes
configure:7000: checking for sys/types.h
configure:7000: gcc -c -g -O2  conftest.c >&5
configure:7000: $? = 0
configure:7000: result: yes
configure:7000: checking for sys/stat.h
configure:7000: gcc -c -g -O2  conftest.c >&5
configure:7000: $? = 0
configure:7000: result: yes
configure:7000: checking for stdlib.h
configure:7000: gcc -c -g -O2  conftest.c >&5
configure:7000: $? = 0
configure:7000: result: yes
configure:7000: checking for string.h
configure:7000: gcc -c -g -O2  conftest.c >&5
configure:7000: $? = 0
configure:7000: result: yes
configure:7000: checking for memory.h
configure:7000: gcc -c -g -O2  conftest.c >&5
configure:7000: $? = 0
configure:7000: result: yes
configure:7000: checking for strings.h
configure:7000: gcc -c -g -O2  conftest.c >&5
configure:7000: $? = 0
configure:7000: result: yes
configure:7000: checking for inttypes.h
configure:7000: gcc -c -g -O2  conftest.c >&5
configure:7000: $? = 0
configure:7000: result: yes
configure:7000: checking for stdint.h
configure:7000: gcc -c -g -O2  conftest.c >&5
configure:7000: $? = 0
configure:7000: result: yes
configure:7000: checking for unistd.h
configure:7000: gcc -c -g -O2  conftest.c >&5
configure:7000: $? = 0
configure:7000: result: yes
configure:7014: checking for dlfcn.h
configure:7014: gcc -c -g -O2  conftest.c >&5
configure:7014: $? = 0
configure:7014: result: yes
configure:7196: checking for objdir
configure:7211: result: .libs
configure:7507: checking if gcc supports -fno-rtti -fno-exceptions
configure:7565: gcc -c -g -O2  -fno-rtti -fno-exceptions conftest.c >&5
cc1: warning: command line option '-fno-rtti' is valid for C++/D/ObjC++ but not for C
configure:7569: $? = 0
configure:7542: result: no
configure:7562: checking for gcc option to produce PIC
configure:7834: result: -fPIC -DPIC
configure:7846: checking if gcc PIC flag -fPIC -DPIC works
configure:7904: gcc -c -g -O2  -fPIC -DPIC -DPIC conftest.c >&5
configure:7908: $? = 0
configure:7881: result: yes
configure:7905: checking if gcc static flag -static works
configure:7933: result: yes
configure:7948: checking if gcc supports -c -o file.o
configure:8009: gcc -c -g -O2  -o out/conftest2.o conftest.c >&5
configure:8013: $? = 0
configure:7995: result: yes
configure:8003: checking if gcc supports -c -o file.o
configure:8050: result: yes
configure:8083: checking whether the gcc linker (/usr/bin/ld) supports shared libraries
configure:9074: result: yes
configure:9111: checking whether -lc should be explicitly linked in
configure:9116: gcc -c -g -O2  conftest.c >&5
configure:9119: $? = 0
configure:9134: gcc -shared conftest.o  -v -Wl,-soname -Wl,conftest -o conftest 2\>\&1 \| /usr/bin/grep  -lc  \>/dev/null 2\>\&1
configure:9137: $? = 0
configure:9149: result: no
configure:9313: checking dynamic linker characteristics
configure:9746: gcc -o conftest -g -O2   -Wl,-rpath -Wl,/foo conftest.c  >&5
configure:9746: $? = 0
configure:9976: result: GNU/Linux ld.so
configure:10078: checking how to hardcode library paths into programs
configure:10103: result: immediate
configure:10623: checking whether stripping libraries is possible
configure:10628: result: yes
configure:10663: checking if libtool supports shared libraries
configure:10665: result: yes
configure:10668: checking whether to build shared libraries
configure:10689: result: yes
configure:10692: checking whether to build static libraries
configure:10696: result: no
configure:8059: checking for g++
configure:8075: found /usr/bin/g++
configure:8086: result: g++
configure:8113: checking for C++ compiler version
configure:8122: g++ --version >&5
g++ (Ubuntu 9.4.0-1ubuntu1~20.04.1) 9.4.0
Copyright (C) 2019 Free Software Foundation, Inc.
This is free software; see the source for copying conditions.  There is NO
warranty; not even for MERCHANTABILITY or FITNESS FOR A PARTICULAR PURPOSE.

configure:8133: $? = 0
configure:8122: g++ -v >&5
Using built-in specs.
COLLECT_GCC=g++
COLLECT_LTO_WRAPPER=/usr/lib/gcc/x86_64-linux-gnu/9/lto-wrapper
OFFLOAD_TARGET_NAMES=nvptx-none:hsa
OFFLOAD_TARGET_DEFAULT=1
Target: x86_64-linux-gnu
Configured with: ../src/configure -v --with-pkgversion='Ubuntu 9.4.0-1ubuntu1~20.04.1' --with-bugurl=file:///usr/share/doc/gcc-9/README.Bugs --enable-languages=c,ada,c++,go,brig,d,fortran,objc,obj-c++,gm2 --prefix=/usr --with-gcc-major-version-only --program-suffix=-9 --program-prefix=x86_64-linux-gnu- --enable-shared --enable-linker-build-id --libexecdir=/usr/lib --without-included-gettext --enable-threads=posix --libdir=/usr/lib --enable-nls --enable-clocale=gnu --enable-libstdcxx-debug --enable-libstdcxx-time=yes --with-default-libstdcxx-abi=new --enable-gnu-unique-object --disable-vtable-verify --enable-plugin --enable-default-pie --with-system-zlib --with-target-system-zlib=auto --enable-objc-gc=auto --enable-multiarch --disable-werror --with-arch-32=i686 --with-abi=m64 --with-multilib-list=m32,m64,mx32 --enable-multilib --with-tune=generic --enable-offload-targets=nvptx-none=/build/gcc-9-Av3uEd/gcc-9-9.4.0/debian/tmp-nvptx/usr,hsa --without-cuda-driver --enable-checking=release --build=x86_64-linux-gnu --host=x86_64-linux-gnu --target=x86_64-linux-gnu
Thread model: posix
gcc version 9.4.0 (Ubuntu 9.4.0-1ubuntu1~20.04.1) 
configure:8133: $? = 0
configure:8122: g++ -V >&5
g++: error: unrecognized command line option '-V'
g++: fatal error: no input files
compilation terminated.
configure:8133: $? = 1
configure:8122: g++ -qversion >&5
g++: error: unrecognized command line option '-qversion'; did you mean '--version'?
g++: fatal error: no input files
compilation terminated.
configure:8133: $? = 1
configure:8137: checking whether we are using the GNU C++ compiler
configure:8156: g++ -c   conftest.cpp >&5
configure:8156: $? = 0
configure:8165: result: yes
configure:8174: checking whether g++ accepts -g
configure:8194: g++ -c -g  conftest.cpp >&5
configure:8194: $? = 0
configure:8235: result: yes
configure:8260: checking dependency style of g++
configure:8370: result: gcc3
configure:8393: checking how to run the C++ preprocessor
configure:8420: g++ -E  conftest.cpp
configure:8420: $? = 0
configure:8434: g++ -E  conftest.cpp
conftest.cpp:23:10: fatal error: ac_nonexistent.h: No such file or directory
   23 | #include <ac_nonexistent.h>
      |          ^~~~~~~~~~~~~~~~~~
compilation terminated.
configure:8434: $? = 1
configure: failed program was:
| /* confdefs.h */
| #define PACKAGE_NAME "librcsc"
| #define PACKAGE_TARNAME "librcsc"
| #define PACKAGE_VERSION "4.1.0"
| #define PACKAGE_STRING "librcsc 4.1.0"
| #define PACKAGE_BUGREPORT "akky@users.sourceforge.jp"
| #define PACKAGE_URL ""
| #define PACKAGE "librcsc"
| #define VERSION "4.1.0"
| #define STDC_HEADERS 1
| #define HAVE_SYS_TYPES_H 1
| #define HAVE_SYS_STAT_H 1
| #define HAVE_STDLIB_H 1
| #define HAVE_STRING_H 1
| #define HAVE_MEMORY_H 1
| #define HAVE_STRINGS_H 1
| #define HAVE_INTTYPES_H 1
| #define HAVE_STDINT_H 1
| #define HAVE_UNISTD_H 1
| #define HAVE_DLFCN_H 1
| #define LT_OBJDIR ".libs/"
| /* end confdefs.h.  */
| #include <ac_nonexistent.h>
configure:8459: result: g++ -E
configure:8479: g++ -E  conftest.cpp
configure:8479: $? = 0
configure:8493: g++ -E  conftest.cpp
conftest.cpp:23:10: fatal error: ac_nonexistent.h: No such file or directory
   23 | #include <ac_nonexistent.h>
      |          ^~~~~~~~~~~~~~~~~~
compilation terminated.
configure:8493: $? = 1
configure: failed program was:
| /* confdefs.h */
| #define PACKAGE_NAME "librcsc"
| #define PACKAGE_TARNAME "librcsc"
| #define PACKAGE_VERSION "4.1.0"
| #define PACKAGE_STRING "librcsc 4.1.0"
| #define PACKAGE_BUGREPORT "akky@users.sourceforge.jp"
| #define PACKAGE_URL ""
| #define PACKAGE "librcsc"
| #define VERSION "4.1.0"
| #define STDC_HEADERS 1
| #define HAVE_SYS_TYPES_H 1
| #define HAVE_SYS_STAT_H 1
| #define HAVE_STDLIB_H 1
| #define HAVE_STRING_H 1
| #define HAVE_MEMORY_H 1
| #define HAVE_STRINGS_H 1
| #define HAVE_INTTYPES_H 1
| #define HAVE_STDINT_H 1
| #define HAVE_UNISTD_H 1
| #define HAVE_DLFCN_H 1
| #define LT_OBJDIR ".libs/"
| /* end confdefs.h.  */
| #include <ac_nonexistent.h>
configure:8661: checking for ld used by g++
configure:8728: result: /usr/bin/ld
configure:8735: checking if the linker (/usr/bin/ld) is GNU ld
configure:8750: result: yes
configure:8805: checking whether the g++ linker (/usr/bin/ld) supports shared libraries
configure:9718: result: yes
configure:9746: g++ -c -g -O2  conftest.cpp >&5
configure:9749: $? = 0
configure:9931: checking for g++ option to produce PIC
configure:10248: result: -fPIC -DPIC
configure:10257: checking if g++ PIC flag -fPIC -DPIC works
configure:13047: g++ -c -g -O2  -fPIC -DPIC -DPIC conftest.cpp >&5
configure:13051: $? = 0
configure:10292: result: yes
configure:10313: checking if g++ static flag -static works
configure:10341: result: yes
configure:10353: checking if g++ supports -c -o file.o
configure:13146: g++ -c -g -O2  -o out/conftest2.o conftest.cpp >&5
configure:13150: $? = 0
configure:10400: result: yes
configure:10405: checking if g++ supports -c -o file.o
configure:10452: result: yes
configure:10482: checking whether the g++ linker (/usr/bin/ld) supports shared libraries
configure:10511: result: yes
configure:10648: checking dynamic linker characteristics
configure:11029: g++ -o conftest -g -O2   -Wl,-rpath -Wl,/foo conftest.cpp  >&5
configure:11029: $? = 0
configure:11259: result: GNU/Linux ld.so
configure:11310: checking how to hardcode library paths into programs
configure:11335: result: immediate
configure:10505: checking for C++ compiler version
configure:10514: g++ --version >&5
g++ (Ubuntu 9.4.0-1ubuntu1~20.04.1) 9.4.0
Copyright (C) 2019 Free Software Foundation, Inc.
This is free software; see the source for copying conditions.  There is NO
warranty; not even for MERCHANTABILITY or FITNESS FOR A PARTICULAR PURPOSE.

configure:10525: $? = 0
configure:10514: g++ -v >&5
Using built-in specs.
COLLECT_GCC=g++
COLLECT_LTO_WRAPPER=/usr/lib/gcc/x86_64-linux-gnu/9/lto-wrapper
OFFLOAD_TARGET_NAMES=nvptx-none:hsa
OFFLOAD_TARGET_DEFAULT=1
Target: x86_64-linux-gnu
Configured with: ../src/configure -v --with-pkgversion='Ubuntu 9.4.0-1ubuntu1~20.04.1' --with-bugurl=file:///usr/share/doc/gcc-9/README.Bugs --enable-languages=c,ada,c++,go,brig,d,fortran,objc,obj-c++,gm2 --prefix=/usr --with-gcc-major-version-only --program-suffix=-9 --program-prefix=x86_64-linux-gnu- --enable-shared --enable-linker-build-id --libexecdir=/usr/lib --without-included-gettext --enable-threads=posix --libdir=/usr/lib --enable-nls --enable-clocale=gnu --enable-libstdcxx-debug --enable-libstdcxx-time=yes --with-default-libstdcxx-abi=new --enable-gnu-unique-object --disable-vtable-verify --enable-plugin --enable-default-pie --with-system-zlib --with-target-system-zlib=auto --enable-objc-gc=auto --enable-multiarch --disable-werror --with-arch-32=i686 --with-abi=m64 --with-multilib-list=m32,m64,mx32 --enable-multilib --with-tune=generic --enable-offload-targets=nvptx-none=/build/gcc-9-Av3uEd/gcc-9-9.4.0/debian/tmp-nvptx/usr,hsa --without-cuda-driver --enable-checking=release --build=x86_64-linux-gnu --host=x86_64-linux-gnu --target=x86_64-linux-gnu
Thread model: posix
gcc version 9.4.0 (Ubuntu 9.4.0-1ubuntu1~20.04.1) 
configure:10525: $? = 0
configure:10514: g++ -V >&5
g++: error: unrecognized command line option '-V'
g++: fatal error: no input files
compilation terminated.
configure:10525: $? = 1
configure:10514: g++ -qversion >&5
g++: error: unrecognized command line option '-qversion'; did you mean '--version'?
g++: fatal error: no input files
compilation terminated.
configure:10525: $? = 1
configure:10529: checking whether we are using the GNU C++ compiler
configure:10557: result: yes
configure:10566: checking whether g++ accepts -g
configure:10627: result: yes
configure:10652: checking dependency style of g++
configure:10762: result: gcc3
configure:10825: checking for gcc
configure:10852: result: gcc
configure:11081: checking for C compiler version
configure:11090: gcc --version >&5
gcc (Ubuntu 9.4.0-1ubuntu1~20.04.1) 9.4.0
Copyright (C) 2019 Free Software Foundation, Inc.
This is free software; see the source for copying conditions.  There is NO
warranty; not even for MERCHANTABILITY or FITNESS FOR A PARTICULAR PURPOSE.

configure:11101: $? = 0
configure:11090: gcc -v >&5
Using built-in specs.
COLLECT_GCC=gcc
COLLECT_LTO_WRAPPER=/usr/lib/gcc/x86_64-linux-gnu/9/lto-wrapper
OFFLOAD_TARGET_NAMES=nvptx-none:hsa
OFFLOAD_TARGET_DEFAULT=1
Target: x86_64-linux-gnu
Configured with: ../src/configure -v --with-pkgversion='Ubuntu 9.4.0-1ubuntu1~20.04.1' --with-bugurl=file:///usr/share/doc/gcc-9/README.Bugs --enable-languages=c,ada,c++,go,brig,d,fortran,objc,obj-c++,gm2 --prefix=/usr --with-gcc-major-version-only --program-suffix=-9 --program-prefix=x86_64-linux-gnu- --enable-shared --enable-linker-build-id --libexecdir=/usr/lib --without-included-gettext --enable-threads=posix --libdir=/usr/lib --enable-nls --enable-clocale=gnu --enable-libstdcxx-debug --enable-libstdcxx-time=yes --with-default-libstdcxx-abi=new --enable-gnu-unique-object --disable-vtable-verify --enable-plugin --enable-default-pie --with-system-zlib --with-target-system-zlib=auto --enable-objc-gc=auto --enable-multiarch --disable-werror --with-arch-32=i686 --with-abi=m64 --with-multilib-list=m32,m64,mx32 --enable-multilib --with-tune=generic --enable-offload-targets=nvptx-none=/build/gcc-9-Av3uEd/gcc-9-9.4.0/debian/tmp-nvptx/usr,hsa --without-cuda-driver --enable-checking=release --build=x86_64-linux-gnu --host=x86_64-linux-gnu --target=x86_64-linux-gnu
Thread model: posix
gcc version 9.4.0 (Ubuntu 9.4.0-1ubuntu1~20.04.1) 
configure:11101: $? = 0
configure:11090: gcc -V >&5
gcc: error: unrecognized command line option '-V'
gcc: fatal error: no input files
compilation terminated.
configure:11101: $? = 1
configure:11090: gcc -qversion >&5
gcc: error: unrecognized command line option '-qversion'; did you mean '--version'?
gcc: fatal error: no input files
compilation terminated.
configure:11101: $? = 1
configure:11105: checking whether we are using the GNU C compiler
configure:11133: result: yes
configure:11142: checking whether gcc accepts -g
configure:11203: result: yes
configure:11220: checking for gcc option to accept ISO C89
configure:11297: result: none needed
configure:11319: checking dependency style of gcc
configure:11429: result: gcc3
configure:11449: checking how to run the C preprocessor
configure:11519: result: gcc -E
configure:11539: gcc -E  conftest.c
configure:11539: $? = 0
configure:11553: gcc -E  conftest.c
conftest.c:23:10: fatal error: ac_nonexistent.h: No such file or directory
   23 | #include <ac_nonexistent.h>
      |          ^~~~~~~~~~~~~~~~~~
compilation terminated.
configure:11553: $? = 1
configure: failed program was:
| /* confdefs.h */
| #define PACKAGE_NAME "librcsc"
| #define PACKAGE_TARNAME "librcsc"
| #define PACKAGE_VERSION "4.1.0"
| #define PACKAGE_STRING "librcsc 4.1.0"
| #define PACKAGE_BUGREPORT "akky@users.sourceforge.jp"
| #define PACKAGE_URL ""
| #define PACKAGE "librcsc"
| #define VERSION "4.1.0"
| #define STDC_HEADERS 1
| #define HAVE_SYS_TYPES_H 1
| #define HAVE_SYS_STAT_H 1
| #define HAVE_STDLIB_H 1
| #define HAVE_STRING_H 1
| #define HAVE_MEMORY_H 1
| #define HAVE_STRINGS_H 1
| #define HAVE_INTTYPES_H 1
| #define HAVE_STDINT_H 1
| #define HAVE_UNISTD_H 1
| #define HAVE_DLFCN_H 1
| #define LT_OBJDIR ".libs/"
| /* end confdefs.h.  */
| #include <ac_nonexistent.h>
configure:11582: checking whether ln -s works
configure:11586: result: yes
configure:11593: checking whether make sets $(MAKE)
configure:11615: result: yes
configure:11629: checking for cos in -lm
configure:11654: g++ -o conftest -g -O2   conftest.cpp -lm   >&5
conftest.cpp:30:6: warning: declaration of 'char cos()' conflicts with built-in declaration 'double cos(double)' [-Wbuiltin-declaration-mismatch]
   30 | char cos ();
      |      ^~~
configure:11654: $? = 0
configure:11663: result: yes
configure:11672: checking for deflate in -lz
configure:11697: g++ -o conftest -g -O2   conftest.cpp -lz  -lm  >&5
configure:11697: $? = 0
configure:11706: result: yes
configure:11725: checking arpa/inet.h usability
configure:11725: g++ -c -g -O2  conftest.cpp >&5
configure:11725: $? = 0
configure:11725: result: yes
configure:11725: checking arpa/inet.h presence
configure:11725: g++ -E  conftest.cpp
configure:11725: $? = 0
configure:11725: result: yes
configure:11725: checking for arpa/inet.h
configure:11725: result: yes
configure:11737: checking fcntl.h usability
configure:11737: g++ -c -g -O2  conftest.cpp >&5
configure:11737: $? = 0
configure:11737: result: yes
configure:11737: checking fcntl.h presence
configure:11737: g++ -E  conftest.cpp
configure:11737: $? = 0
configure:11737: result: yes
configure:11737: checking for fcntl.h
configure:11737: result: yes
configure:11751: checking netinet/in.h usability
configure:11751: g++ -c -g -O2  conftest.cpp >&5
configure:11751: $? = 0
configure:11751: result: yes
configure:11751: checking netinet/in.h presence
configure:11751: g++ -E  conftest.cpp
configure:11751: $? = 0
configure:11751: result: yes
configure:11751: checking for netinet/in.h
configure:11751: result: yes
configure:11765: checking netdb.h usability
configure:11765: g++ -c -g -O2  conftest.cpp >&5
configure:11765: $? = 0
configure:11765: result: yes
configure:11765: checking netdb.h presence
configure:11765: g++ -E  conftest.cpp
configure:11765: $? = 0
configure:11765: result: yes
configure:11765: checking for netdb.h
configure:11765: result: yes
configure:11779: checking sys/socket.h usability
configure:11779: g++ -c -g -O2  conftest.cpp >&5
configure:11779: $? = 0
configure:11779: result: yes
configure:11779: checking sys/socket.h presence
configure:11779: g++ -E  conftest.cpp
configure:11779: $? = 0
configure:11779: result: yes
configure:11779: checking for sys/socket.h
configure:11779: result: yes
configure:11793: checking sys/time.h usability
configure:11793: g++ -c -g -O2  conftest.cpp >&5
configure:11793: $? = 0
configure:11793: result: yes
configure:11793: checking sys/time.h presence
configure:11793: g++ -E  conftest.cpp
configure:11793: $? = 0
configure:11793: result: yes
configure:11793: checking for sys/time.h
configure:11793: result: yes
configure:11807: checking for unistd.h
configure:11807: result: yes
configure:11824: checking for socklen_t
configure:11824: g++ -c -g -O2  conftest.cpp >&5
configure:11824: $? = 0
configure:11824: g++ -c -g -O2  conftest.cpp >&5
conftest.cpp: In function 'int main()':
conftest.cpp:40:23: error: expected primary-expression before ')' token
   40 | if (sizeof ((socklen_t)))
      |                       ^
configure:11824: $? = 1
configure: failed program was:
| /* confdefs.h */
| #define PACKAGE_NAME "librcsc"
| #define PACKAGE_TARNAME "librcsc"
| #define PACKAGE_VERSION "4.1.0"
| #define PACKAGE_STRING "librcsc 4.1.0"
| #define PACKAGE_BUGREPORT "akky@users.sourceforge.jp"
| #define PACKAGE_URL ""
| #define PACKAGE "librcsc"
| #define VERSION "4.1.0"
| #define STDC_HEADERS 1
| #define HAVE_SYS_TYPES_H 1
| #define HAVE_SYS_STAT_H 1
| #define HAVE_STDLIB_H 1
| #define HAVE_STRING_H 1
| #define HAVE_MEMORY_H 1
| #define HAVE_STRINGS_H 1
| #define HAVE_INTTYPES_H 1
| #define HAVE_STDINT_H 1
| #define HAVE_UNISTD_H 1
| #define HAVE_DLFCN_H 1
| #define LT_OBJDIR ".libs/"
| #define HAVE_LIBZ 1
| #define HAVE_ARPA_INET_H 1
| #define HAVE_FCNTL_H 1
| #define HAVE_NETINET_IN_H 1
| #define HAVE_NETDB_H 1
| #define HAVE_SYS_SOCKET_H 1
| #define HAVE_SYS_TIME_H 1
| #define HAVE_UNISTD_H 1
| /* end confdefs.h.  */
| 
| #if HAVE_SYS_TYPES_H
| # include <sys/types.h>
| #endif
| #include <sys/socket.h>
| 
| int
| main ()
| {
| if (sizeof ((socklen_t)))
| 	    return 0;
|   ;
|   return 0;
| }
configure:11824: result: yes
configure:11848: checking for stdbool.h that conforms to C99
configure:11933: g++ -c -g -O2  conftest.cpp >&5
conftest.cpp:35:2: error: expected unqualified-id before string constant
   35 |  "error: bool is not defined"
      |  ^~~~~~~~~~~~~~~~~~~~~~~~~~~~
conftest.cpp:53:36: error: 's' does not name a type
   53 |  struct s { _Bool s: 1; _Bool t; } s;
      |                                    ^
conftest.cpp:59:12: error: 's' was not declared in this scope
   59 |  bool e = &s;
      |            ^
conftest.cpp:63:16: error: 's' was not declared in this scope
   63 |  char i[sizeof s.t];
      |                ^
conftest.cpp: In function 'int main()':
conftest.cpp:103:51: error: 'i' was not declared in this scope
  103 |  return (!a + !b + !c + !d + !e + !f + !g + !h + !i + !!j + !k + !!l
      |                                                   ^
configure:11933: $? = 1
configure: failed program was:
| /* confdefs.h */
| #define PACKAGE_NAME "librcsc"
| #define PACKAGE_TARNAME "librcsc"
| #define PACKAGE_VERSION "4.1.0"
| #define PACKAGE_STRING "librcsc 4.1.0"
| #define PACKAGE_BUGREPORT "akky@users.sourceforge.jp"
| #define PACKAGE_URL ""
| #define PACKAGE "librcsc"
| #define VERSION "4.1.0"
| #define STDC_HEADERS 1
| #define HAVE_SYS_TYPES_H 1
| #define HAVE_SYS_STAT_H 1
| #define HAVE_STDLIB_H 1
| #define HAVE_STRING_H 1
| #define HAVE_MEMORY_H 1
| #define HAVE_STRINGS_H 1
| #define HAVE_INTTYPES_H 1
| #define HAVE_STDINT_H 1
| #define HAVE_UNISTD_H 1
| #define HAVE_DLFCN_H 1
| #define LT_OBJDIR ".libs/"
| #define HAVE_LIBZ 1
| #define HAVE_ARPA_INET_H 1
| #define HAVE_FCNTL_H 1
| #define HAVE_NETINET_IN_H 1
| #define HAVE_NETDB_H 1
| #define HAVE_SYS_SOCKET_H 1
| #define HAVE_SYS_TIME_H 1
| #define HAVE_UNISTD_H 1
| #define HAVE_SOCKLEN_T 1
| /* end confdefs.h.  */
| 
| #include <stdbool.h>
| #ifndef bool
|  "error: bool is not defined"
| #endif
| #ifndef false
|  "error: false is not defined"
| #endif
| #if false
|  "error: false is not 0"
| #endif
| #ifndef true
|  "error: true is not defined"
| #endif
| #if true != 1
|  "error: true is not 1"
| #endif
| #ifndef __bool_true_false_are_defined
|  "error: __bool_true_false_are_defined is not defined"
| #endif
| 
| 	struct s { _Bool s: 1; _Bool t; } s;
| 
| 	char a[true == 1 ? 1 : -1];
| 	char b[false == 0 ? 1 : -1];
| 	char c[__bool_true_false_are_defined == 1 ? 1 : -1];
| 	char d[(bool) 0.5 == true ? 1 : -1];
| 	bool e = &s;
| 	char f[(_Bool) 0.0 == false ? 1 : -1];
| 	char g[true];
| 	char h[sizeof (_Bool)];
| 	char i[sizeof s.t];
| 	enum { j = false, k = true, l = false * true, m = true * 256 };
| 	/* The following fails for
| 	   HP aC++/ANSI C B3910B A.05.55 [Dec 04 2003]. */
| 	_Bool n[m];
| 	char o[sizeof n == m * sizeof n[0] ? 1 : -1];
| 	char p[-1 - (_Bool) 0 < 0 && -1 - (bool) 0 < 0 ? 1 : -1];
| #	if defined __xlc__ || defined __GNUC__
| 	 /* Catch a bug in IBM AIX xlc compiler version 6.0.0.0
| 	    reported by James Lemley on 2005-10-05; see
| 	    http://lists.gnu.org/archive/html/bug-coreutils/2005-10/msg00086.html
| 	    This test is not quite right, since xlc is allowed to
| 	    reject this program, as the initializer for xlcbug is
| 	    not one of the forms that C requires support for.
| 	    However, doing the test right would require a runtime
| 	    test, and that would make cross-compilation harder.
| 	    Let us hope that IBM fixes the xlc bug, and also adds
| 	    support for this kind of constant expression.  In the
| 	    meantime, this test will reject xlc, which is OK, since
| 	    our stdbool.h substitute should suffice.  We also test
| 	    this with GCC, where it should work, to detect more
| 	    quickly whether someone messes up the test in the
| 	    future.  */
| 	 char digs[] = "0123456789";
| 	 int xlcbug = 1 / (&(digs + 5)[-2 + (bool) 1] == &digs[4] ? 1 : -1);
| #	endif
| 	/* Catch a bug in an HP-UX C compiler.  See
| 	   http://gcc.gnu.org/ml/gcc-patches/2003-12/msg02303.html
| 	   http://lists.gnu.org/archive/html/bug-coreutils/2005-11/msg00161.html
| 	 */
| 	_Bool q = true;
| 	_Bool *pq = &q;
| 
| int
| main ()
| {
| 
| 	*pq |= q;
| 	*pq |= ! q;
| 	/* Refer to every declared value, to avoid compiler optimizations.  */
| 	return (!a + !b + !c + !d + !e + !f + !g + !h + !i + !!j + !k + !!l
| 		+ !m + !n + !o + !p + !q + !pq);
| 
|   ;
|   return 0;
| }
configure:11940: result: no
configure:11942: checking for _Bool
configure:11942: g++ -c -g -O2  conftest.cpp >&5
conftest.cpp: In function 'int main()':
conftest.cpp:68:13: error: '_Bool' was not declared in this scope
   68 | if (sizeof (_Bool))
      |             ^~~~~
configure:11942: $? = 1
configure: failed program was:
| /* confdefs.h */
| #define PACKAGE_NAME "librcsc"
| #define PACKAGE_TARNAME "librcsc"
| #define PACKAGE_VERSION "4.1.0"
| #define PACKAGE_STRING "librcsc 4.1.0"
| #define PACKAGE_BUGREPORT "akky@users.sourceforge.jp"
| #define PACKAGE_URL ""
| #define PACKAGE "librcsc"
| #define VERSION "4.1.0"
| #define STDC_HEADERS 1
| #define HAVE_SYS_TYPES_H 1
| #define HAVE_SYS_STAT_H 1
| #define HAVE_STDLIB_H 1
| #define HAVE_STRING_H 1
| #define HAVE_MEMORY_H 1
| #define HAVE_STRINGS_H 1
| #define HAVE_INTTYPES_H 1
| #define HAVE_STDINT_H 1
| #define HAVE_UNISTD_H 1
| #define HAVE_DLFCN_H 1
| #define LT_OBJDIR ".libs/"
| #define HAVE_LIBZ 1
| #define HAVE_ARPA_INET_H 1
| #define HAVE_FCNTL_H 1
| #define HAVE_NETINET_IN_H 1
| #define HAVE_NETDB_H 1
| #define HAVE_SYS_SOCKET_H 1
| #define HAVE_SYS_TIME_H 1
| #define HAVE_UNISTD_H 1
| #define HAVE_SOCKLEN_T 1
| /* end confdefs.h.  */
| #include <stdio.h>
| #ifdef HAVE_SYS_TYPES_H
| # include <sys/types.h>
| #endif
| #ifdef HAVE_SYS_STAT_H
| # include <sys/stat.h>
| #endif
| #ifdef STDC_HEADERS
| # include <stdlib.h>
| # include <stddef.h>
| #else
| # ifdef HAVE_STDLIB_H
| #  include <stdlib.h>
| # endif
| #endif
| #ifdef HAVE_STRING_H
| # if !defined STDC_HEADERS && defined HAVE_MEMORY_H
| #  include <memory.h>
| # endif
| # include <string.h>
| #endif
| #ifdef HAVE_STRINGS_H
| # include <strings.h>
| #endif
| #ifdef HAVE_INTTYPES_H
| # include <inttypes.h>
| #endif
| #ifdef HAVE_STDINT_H
| # include <stdint.h>
| #endif
| #ifdef HAVE_UNISTD_H
| # include <unistd.h>
| #endif
| int
| main ()
| {
| if (sizeof (_Bool))
| 	 return 0;
|   ;
|   return 0;
| }
configure:11942: result: no
configure:11958: checking for an ANSI C-conforming const
configure:12023: g++ -c -g -O2  conftest.cpp >&5
configure:12023: $? = 0
configure:12030: result: yes
configure:12038: checking for inline
configure:12054: g++ -c -g -O2  conftest.cpp >&5
configure:12054: $? = 0
configure:12062: result: inline
configure:12084: checking for size_t
configure:12084: g++ -c -g -O2  conftest.cpp >&5
configure:12084: $? = 0
configure:12084: g++ -c -g -O2  conftest.cpp >&5
conftest.cpp: In function 'int main()':
conftest.cpp:68:20: error: expected primary-expression before ')' token
   68 | if (sizeof ((size_t)))
      |                    ^
configure:12084: $? = 1
configure: failed program was:
| /* confdefs.h */
| #define PACKAGE_NAME "librcsc"
| #define PACKAGE_TARNAME "librcsc"
| #define PACKAGE_VERSION "4.1.0"
| #define PACKAGE_STRING "librcsc 4.1.0"
| #define PACKAGE_BUGREPORT "akky@users.sourceforge.jp"
| #define PACKAGE_URL ""
| #define PACKAGE "librcsc"
| #define VERSION "4.1.0"
| #define STDC_HEADERS 1
| #define HAVE_SYS_TYPES_H 1
| #define HAVE_SYS_STAT_H 1
| #define HAVE_STDLIB_H 1
| #define HAVE_STRING_H 1
| #define HAVE_MEMORY_H 1
| #define HAVE_STRINGS_H 1
| #define HAVE_INTTYPES_H 1
| #define HAVE_STDINT_H 1
| #define HAVE_UNISTD_H 1
| #define HAVE_DLFCN_H 1
| #define LT_OBJDIR ".libs/"
| #define HAVE_LIBZ 1
| #define HAVE_ARPA_INET_H 1
| #define HAVE_FCNTL_H 1
| #define HAVE_NETINET_IN_H 1
| #define HAVE_NETDB_H 1
| #define HAVE_SYS_SOCKET_H 1
| #define HAVE_SYS_TIME_H 1
| #define HAVE_UNISTD_H 1
| #define HAVE_SOCKLEN_T 1
| /* end confdefs.h.  */
| #include <stdio.h>
| #ifdef HAVE_SYS_TYPES_H
| # include <sys/types.h>
| #endif
| #ifdef HAVE_SYS_STAT_H
| # include <sys/stat.h>
| #endif
| #ifdef STDC_HEADERS
| # include <stdlib.h>
| # include <stddef.h>
| #else
| # ifdef HAVE_STDLIB_H
| #  include <stdlib.h>
| # endif
| #endif
| #ifdef HAVE_STRING_H
| # if !defined STDC_HEADERS && defined HAVE_MEMORY_H
| #  include <memory.h>
| # endif
| # include <string.h>
| #endif
| #ifdef HAVE_STRINGS_H
| # include <strings.h>
| #endif
| #ifdef HAVE_INTTYPES_H
| # include <inttypes.h>
| #endif
| #ifdef HAVE_STDINT_H
| # include <stdint.h>
| #endif
| #ifdef HAVE_UNISTD_H
| # include <unistd.h>
| #endif
| int
| main ()
| {
| if (sizeof ((size_t)))
| 	    return 0;
|   ;
|   return 0;
| }
configure:12084: result: yes
configure:12095: checking whether time.h and sys/time.h may both be included
configure:12115: g++ -c -g -O2  conftest.cpp >&5
configure:12115: $? = 0
configure:12122: result: yes
configure:12134: checking for ANSI C header files
configure:12238: result: yes
configure:12248: checking for stdlib.h
configure:12248: result: yes
configure:12258: checking for GNU libc compatible malloc
configure:12282: g++ -o conftest -g -O2   conftest.cpp -lz -lm  >&5
configure:12282: $? = 0
configure:12282: ./conftest
configure:12282: $? = 0
configure:12292: result: yes
configure:12315: checking for stdlib.h
configure:12315: result: yes
configure:12325: checking for GNU libc compatible realloc
configure:12349: g++ -o conftest -g -O2   conftest.cpp -lz -lm  >&5
configure:12349: $? = 0
configure:12349: ./conftest
configure:12349: $? = 0
configure:12359: result: yes
configure:12383: checking sys/select.h usability
configure:12383: g++ -c -g -O2  conftest.cpp >&5
configure:12383: $? = 0
configure:12383: result: yes
configure:12383: checking sys/select.h presence
configure:12383: g++ -E  conftest.cpp
configure:12383: $? = 0
configure:12383: result: yes
configure:12383: checking for sys/select.h
configure:12383: result: yes
configure:12383: checking for sys/socket.h
configure:12383: result: yes
configure:12393: checking types of arguments for select
configure:12421: g++ -c -g -O2  conftest.cpp >&5
configure:12421: $? = 0
configure:12432: result: int,fd_set *,struct timeval *
configure:12455: checking for working strtod
configure:12496: g++ -o conftest -g -O2   conftest.cpp -lz -lm  >&5
conftest.cpp: In function 'int main()':
conftest.cpp:85:20: warning: ISO C++ forbids converting a string constant to 'char*' [-Wwrite-strings]
   85 |     char *string = " +69";
      |                    ^~~~~~
conftest.cpp:96:20: warning: ISO C++ forbids converting a string constant to 'char*' [-Wwrite-strings]
   96 |     char *string = "NaN";
      |                    ^~~~~
configure:12496: $? = 0
configure:12496: ./conftest
configure:12496: $? = 0
configure:12506: result: yes
configure:12570: checking for vprintf
configure:12570: g++ -o conftest -g -O2   conftest.cpp -lz -lm  >&5
conftest.cpp:66:6: warning: declaration of 'char vprintf()' conflicts with built-in declaration 'int vprintf(const char*, __va_list_tag*)' [-Wbuiltin-declaration-mismatch]
   66 | char vprintf ();
      |      ^~~~~~~
configure:12570: $? = 0
configure:12570: result: yes
configure:12576: checking for _doprnt
configure:12576: g++ -o conftest -g -O2   conftest.cpp -lz -lm  >&5
/usr/bin/ld: /tmp/ccqvjkJA.o: in function `main':
/home/jeferson/Documents/robocin-seletiva/robocin-2d/ferramentas/librcsc-4.1.0/conftest.cpp:78: undefined reference to `_doprnt'
collect2: error: ld returned 1 exit status
configure:12576: $? = 1
configure: failed program was:
| /* confdefs.h */
| #define PACKAGE_NAME "librcsc"
| #define PACKAGE_TARNAME "librcsc"
| #define PACKAGE_VERSION "4.1.0"
| #define PACKAGE_STRING "librcsc 4.1.0"
| #define PACKAGE_BUGREPORT "akky@users.sourceforge.jp"
| #define PACKAGE_URL ""
| #define PACKAGE "librcsc"
| #define VERSION "4.1.0"
| #define STDC_HEADERS 1
| #define HAVE_SYS_TYPES_H 1
| #define HAVE_SYS_STAT_H 1
| #define HAVE_STDLIB_H 1
| #define HAVE_STRING_H 1
| #define HAVE_MEMORY_H 1
| #define HAVE_STRINGS_H 1
| #define HAVE_INTTYPES_H 1
| #define HAVE_STDINT_H 1
| #define HAVE_UNISTD_H 1
| #define HAVE_DLFCN_H 1
| #define LT_OBJDIR ".libs/"
| #define HAVE_LIBZ 1
| #define HAVE_ARPA_INET_H 1
| #define HAVE_FCNTL_H 1
| #define HAVE_NETINET_IN_H 1
| #define HAVE_NETDB_H 1
| #define HAVE_SYS_SOCKET_H 1
| #define HAVE_SYS_TIME_H 1
| #define HAVE_UNISTD_H 1
| #define HAVE_SOCKLEN_T 1
| #define TIME_WITH_SYS_TIME 1
| #define STDC_HEADERS 1
| #define HAVE_STDLIB_H 1
| #define HAVE_MALLOC 1
| #define HAVE_STDLIB_H 1
| #define HAVE_REALLOC 1
| #define HAVE_SYS_SELECT_H 1
| #define HAVE_SYS_SOCKET_H 1
| #define SELECT_TYPE_ARG1 int
| #define SELECT_TYPE_ARG234 (fd_set *)
| #define SELECT_TYPE_ARG5 (struct timeval *)
| #define HAVE_VPRINTF 1
| /* end confdefs.h.  */
| /* Define _doprnt to an innocuous variant, in case <limits.h> declares _doprnt.
|    For example, HP-UX 11i <limits.h> declares gettimeofday.  */
| #define _doprnt innocuous__doprnt
| 
| /* System header to define __stub macros and hopefully few prototypes,
|     which can conflict with char _doprnt (); below.
|     Prefer <limits.h> to <assert.h> if __STDC__ is defined, since
|     <limits.h> exists even on freestanding compilers.  */
| 
| #ifdef __STDC__
| # include <limits.h>
| #else
| # include <assert.h>
| #endif
| 
| #undef _doprnt
| 
| /* Override any GCC internal prototype to avoid an error.
|    Use char because int might match the return type of a GCC
|    builtin and then its argument prototype would still apply.  */
| #ifdef __cplusplus
| extern "C"
| #endif
| char _doprnt ();
| /* The GNU C library defines this for functions which it implements
|     to always fail with ENOSYS.  Some functions are actually named
|     something starting with __ and the normal name is an alias.  */
| #if defined __stub__doprnt || defined __stub____doprnt
| choke me
| #endif
| 
| int
| main ()
| {
| return _doprnt ();
|   ;
|   return 0;
| }
configure:12576: result: no
configure:12590: checking for floor
configure:12590: g++ -o conftest -g -O2   conftest.cpp -lz -lm  >&5
conftest.cpp:67:6: warning: declaration of 'char floor()' conflicts with built-in declaration 'double floor(double)' [-Wbuiltin-declaration-mismatch]
   67 | char floor ();
      |      ^~~~~
configure:12590: $? = 0
configure:12590: result: yes
configure:12590: checking for inet_addr
configure:12590: g++ -o conftest -g -O2   conftest.cpp -lz -lm  >&5
configure:12590: $? = 0
configure:12590: result: yes
configure:12590: checking for getaddrinfo
configure:12590: g++ -o conftest -g -O2   conftest.cpp -lz -lm  >&5
configure:12590: $? = 0
configure:12590: result: yes
configure:12590: checking for gethostbyname
configure:12590: g++ -o conftest -g -O2   conftest.cpp -lz -lm  >&5
configure:12590: $? = 0
configure:12590: result: yes
configure:12590: checking for gettimeofday
configure:12590: g++ -o conftest -g -O2   conftest.cpp -lz -lm  >&5
configure:12590: $? = 0
configure:12590: result: yes
configure:12602: checking for memset
configure:12602: g++ -o conftest -g -O2   conftest.cpp -lz -lm  >&5
conftest.cpp:72:6: warning: declaration of 'char memset()' conflicts with built-in declaration 'void* memset(void*, int, long unsigned int)' [-Wbuiltin-declaration-mismatch]
   72 | char memset ();
      |      ^~~~~~
configure:12602: $? = 0
configure:12602: result: yes
configure:12602: checking for pow
configure:12602: g++ -o conftest -g -O2   conftest.cpp -lz -lm  >&5
conftest.cpp:73:6: warning: declaration of 'char pow()' conflicts with built-in declaration 'double pow(double, double)' [-Wbuiltin-declaration-mismatch]
   73 | char pow ();
      |      ^~~
configure:12602: $? = 0
configure:12602: result: yes
configure:12602: checking for rint
configure:12602: g++ -o conftest -g -O2   conftest.cpp -lz -lm  >&5
conftest.cpp:74:6: warning: declaration of 'char rint()' conflicts with built-in declaration 'double rint(double)' [-Wbuiltin-declaration-mismatch]
   74 | char rint ();
      |      ^~~~
configure:12602: $? = 0
configure:12602: result: yes
configure:12602: checking for select
configure:12602: g++ -o conftest -g -O2   conftest.cpp -lz -lm  >&5
configure:12602: $? = 0
configure:12602: result: yes
configure:12602: checking for socket
configure:12602: g++ -o conftest -g -O2   conftest.cpp -lz -lm  >&5
configure:12602: $? = 0
configure:12602: result: yes
configure:12602: checking for sqrt
configure:12602: g++ -o conftest -g -O2   conftest.cpp -lz -lm  >&5
conftest.cpp:77:6: warning: declaration of 'char sqrt()' conflicts with built-in declaration 'double sqrt(double)' [-Wbuiltin-declaration-mismatch]
   77 | char sqrt ();
      |      ^~~~
configure:12602: $? = 0
configure:12602: result: yes
configure:12602: checking for strerror
configure:12602: g++ -o conftest -g -O2   conftest.cpp -lz -lm  >&5
configure:12602: $? = 0
configure:12602: result: yes
configure:12602: checking for strtol
configure:12602: g++ -o conftest -g -O2   conftest.cpp -lz -lm  >&5
configure:12602: $? = 0
configure:12602: result: yes
configure:12664: checking for boostlib >= 1.32.0
configure:12724: g++ -c -g -O2  -I/usr/include conftest.cpp >&5
configure:12724: $? = 0
configure:12726: result: yes
configure:13103: checking for doxygen
configure:13138: result: no
configure:13145: checking for dot
configure:13173: result: NO
configure:13328: creating ./config.status

## ---------------------- ##
## Running config.status. ##
## ---------------------- ##

This file was extended by librcsc config.status 4.1.0, which was
generated by GNU Autoconf 2.67.  Invocation command line was

  CONFIG_FILES    = 
  CONFIG_HEADERS  = 
  CONFIG_LINKS    = 
  CONFIG_COMMANDS = 
  $ ./config.status 

on jeferson

config.status:1198: creating Doxyfile
config.status:1198: creating librcsc.pc
config.status:1198: creating librcsc.spec
config.status:1198: creating librcsc-config
config.status:1198: creating librcscenv
config.status:1198: creating Makefile
config.status:1198: creating rcsc/Makefile
config.status:1198: creating rcsc/ann/Makefile
config.status:1198: creating rcsc/geom/Makefile
config.status:1198: creating rcsc/geom/triangle/Makefile
config.status:1198: creating rcsc/gz/Makefile
config.status:1198: creating rcsc/monitor/Makefile
config.status:1198: creating rcsc/net/Makefile
config.status:1198: creating rcsc/param/Makefile
config.status:1198: creating rcsc/rcg/Makefile
config.status:1198: creating rcsc/time/Makefile
config.status:1198: creating rcsc/util/Makefile
config.status:1198: creating rcsc/common/Makefile
config.status:1198: creating rcsc/player/Makefile
config.status:1198: creating rcsc/action/Makefile
config.status:1198: creating rcsc/formation/Makefile
config.status:1198: creating rcsc/coach/Makefile
config.status:1198: creating rcsc/trainer/Makefile
config.status:1198: creating example/Makefile
config.status:1198: creating src/Makefile
config.status:1198: creating config.h
config.status:1426: executing depfiles commands
config.status:1426: executing libtool commands

## ---------------- ##
## Cache variables. ##
## ---------------- ##

ac_cv_build=x86_64-unknown-linux-gnu
ac_cv_c_compiler_gnu=yes
ac_cv_c_const=yes
ac_cv_c_inline=inline
ac_cv_cxx_compiler_gnu=yes
ac_cv_env_CCC_set=
ac_cv_env_CCC_value=
ac_cv_env_CC_set=
ac_cv_env_CC_value=
ac_cv_env_CFLAGS_set=
ac_cv_env_CFLAGS_value=
ac_cv_env_CPPFLAGS_set=
ac_cv_env_CPPFLAGS_value=
ac_cv_env_CPP_set=
ac_cv_env_CPP_value=
ac_cv_env_CXXCPP_set=
ac_cv_env_CXXCPP_value=
ac_cv_env_CXXFLAGS_set=
ac_cv_env_CXXFLAGS_value=
ac_cv_env_CXX_set=
ac_cv_env_CXX_value=
ac_cv_env_LDFLAGS_set=
ac_cv_env_LDFLAGS_value=
ac_cv_env_LIBS_set=
ac_cv_env_LIBS_value=
ac_cv_env_build_alias_set=
ac_cv_env_build_alias_value=
ac_cv_env_host_alias_set=
ac_cv_env_host_alias_value=
ac_cv_env_target_alias_set=
ac_cv_env_target_alias_value=
ac_cv_func__doprnt=no
ac_cv_func_floor=yes
ac_cv_func_getaddrinfo=yes
ac_cv_func_gethostbyname=yes
ac_cv_func_gettimeofday=yes
ac_cv_func_inet_addr=yes
ac_cv_func_malloc_0_nonnull=yes
ac_cv_func_memset=yes
ac_cv_func_pow=yes
ac_cv_func_realloc_0_nonnull=yes
ac_cv_func_rint=yes
ac_cv_func_select=yes
ac_cv_func_select_args='int,fd_set *,struct timeval *'
ac_cv_func_socket=yes
ac_cv_func_sqrt=yes
ac_cv_func_strerror=yes
ac_cv_func_strtod=yes
ac_cv_func_strtol=yes
ac_cv_func_vprintf=yes
ac_cv_header_arpa_inet_h=yes
ac_cv_header_dlfcn_h=yes
ac_cv_header_fcntl_h=yes
ac_cv_header_inttypes_h=yes
ac_cv_header_memory_h=yes
ac_cv_header_netdb_h=yes
ac_cv_header_netinet_in_h=yes
ac_cv_header_stdbool_h=no
ac_cv_header_stdc=yes
ac_cv_header_stdint_h=yes
ac_cv_header_stdlib_h=yes
ac_cv_header_string_h=yes
ac_cv_header_strings_h=yes
ac_cv_header_sys_select_h=yes
ac_cv_header_sys_socket_h=yes
ac_cv_header_sys_stat_h=yes
ac_cv_header_sys_time_h=yes
ac_cv_header_sys_types_h=yes
ac_cv_header_time=yes
ac_cv_header_unistd_h=yes
ac_cv_host=x86_64-unknown-linux-gnu
ac_cv_lib_m_cos=yes
ac_cv_lib_z_deflate=yes
ac_cv_objext=o
ac_cv_path_EGREP='/usr/bin/grep -E'
ac_cv_path_FGREP='/usr/bin/grep -F'
ac_cv_path_GREP=/usr/bin/grep
ac_cv_path_SED=/usr/bin/sed
ac_cv_path_install='/usr/bin/install -c'
ac_cv_path_mkdir=/usr/bin/mkdir
ac_cv_prog_AWK=mawk
ac_cv_prog_CPP='gcc -E'
ac_cv_prog_CXXCPP='g++ -E'
ac_cv_prog_HAVE_DOT=NO
ac_cv_prog_ac_ct_AR=ar
ac_cv_prog_ac_ct_CC=gcc
ac_cv_prog_ac_ct_CXX=g++
ac_cv_prog_ac_ct_OBJDUMP=objdump
ac_cv_prog_ac_ct_RANLIB=ranlib
ac_cv_prog_ac_ct_STRIP=strip
ac_cv_prog_cc_c89=
ac_cv_prog_cc_g=yes
ac_cv_prog_cxx_g=yes
ac_cv_prog_make_make_set=yes
ac_cv_type__Bool=no
ac_cv_type_size_t=yes
ac_cv_type_socklen_t=yes
am_cv_CC_dependencies_compiler_type=gcc3
am_cv_CXX_dependencies_compiler_type=gcc3
lt_cv_deplibs_check_method=pass_all
lt_cv_file_magic_cmd='$MAGIC_CMD'
lt_cv_file_magic_test_file=
lt_cv_ld_reload_flag=-r
lt_cv_nm_interface='BSD nm'
lt_cv_objdir=.libs
lt_cv_path_LD=/usr/bin/ld
lt_cv_path_LDCXX=/usr/bin/ld
lt_cv_path_NM='/usr/bin/nm -B'
lt_cv_prog_compiler_c_o=yes
lt_cv_prog_compiler_c_o_CXX=yes
lt_cv_prog_compiler_pic_works=yes
lt_cv_prog_compiler_pic_works_CXX=yes
lt_cv_prog_compiler_rtti_exceptions=no
lt_cv_prog_compiler_static_works=yes
lt_cv_prog_compiler_static_works_CXX=yes
lt_cv_prog_gnu_ld=yes
lt_cv_prog_gnu_ldcxx=yes
lt_cv_sys_global_symbol_pipe=
lt_cv_sys_global_symbol_to_c_name_address='sed -n -e '\''s/^: \([^ ]*\) $/  {\"\1\", (void *) 0},/p'\'' -e '\''s/^[ABCDGIRSTW]* \([^ ]*\) \([^ ]*\)$/  {"\2", (void *) \&\2},/p'\'''
lt_cv_sys_global_symbol_to_c_name_address_lib_prefix='sed -n -e '\''s/^: \([^ ]*\) $/  {\"\1\", (void *) 0},/p'\'' -e '\''s/^[ABCDGIRSTW]* \([^ ]*\) \(lib[^ ]*\)$/  {"\2", (void *) \&\2},/p'\'' -e '\''s/^[ABCDGIRSTW]* \([^ ]*\) \([^ ]*\)$/  {"lib\2", (void *) \&\2},/p'\'''
lt_cv_sys_global_symbol_to_cdecl=
lt_cv_sys_max_cmd_len=1572864

## ----------------- ##
## Output variables. ##
## ----------------- ##

ACLOCAL='${SHELL} /home/jeferson/Documents/robocin-seletiva/robocin-2d/ferramentas/librcsc-4.1.0/config/missing --run aclocal-1.11'
AMDEPBACKSLASH='\'
AMDEP_FALSE='#'
AMDEP_TRUE=''
AMTAR='${SHELL} /home/jeferson/Documents/robocin-seletiva/robocin-2d/ferramentas/librcsc-4.1.0/config/missing --run tar'
AR='ar'
AUTOCONF='${SHELL} /home/jeferson/Documents/robocin-seletiva/robocin-2d/ferramentas/librcsc-4.1.0/config/missing --run autoconf'
AUTOHEADER='${SHELL} /home/jeferson/Documents/robocin-seletiva/robocin-2d/ferramentas/librcsc-4.1.0/config/missing --run autoheader'
AUTOMAKE='${SHELL} /home/jeferson/Documents/robocin-seletiva/robocin-2d/ferramentas/librcsc-4.1.0/config/missing --run automake-1.11'
AWK='mawk'
BOOST_CPPFLAGS='-I/usr/include'
BOOST_LDFLAGS='-L/usr/lib64'
BUILD_EXAMPLE_FALSE=''
BUILD_EXAMPLE_TRUE='#'
CC='gcc'
CCDEPMODE='depmode=gcc3'
CFLAGS='-g -O2'
CPP='gcc -E'
CPPFLAGS=' -I/usr/include'
CPPUNIT_CFLAGS=''
CPPUNIT_CONFIG=''
CPPUNIT_LIBS=''
CXX='g++'
CXXCPP='g++ -E'
CXXDEPMODE='depmode=gcc3'
CXXFLAGS='-g -O2'
CYGPATH_W='echo'
DEFS='-DHAVE_CONFIG_H'
DEPDIR='.deps'
DOXYGEN=''
DSYMUTIL=''
DUMPBIN=''
ECHO_C=''
ECHO_N='-n'
ECHO_T=''
EGREP='/usr/bin/grep -E'
EXEEXT=''
FGREP='/usr/bin/grep -F'
GREP='/usr/bin/grep'
HAVE_DOT='NO'
INSTALL_DATA='${INSTALL} -m 644'
INSTALL_PROGRAM='${INSTALL}'
INSTALL_SCRIPT='${INSTALL}'
INSTALL_STRIP_PROGRAM='$(install_sh) -c -s'
LD='/usr/bin/ld'
LDFLAGS=' -L/usr/lib64'
LIBOBJS=''
LIBS='-lz -lm '
LIBTOOL='$(SHELL) $(top_builddir)/libtool'
LIBTOOL_DEPS='config/ltmain.sh'
LIPO=''
LN_S='ln -s'
LTLIBOBJS=''
MAKEINFO='${SHELL} /home/jeferson/Documents/robocin-seletiva/robocin-2d/ferramentas/librcsc-4.1.0/config/missing --run makeinfo'
MKDIR_P='/usr/bin/mkdir -p'
NM='/usr/bin/nm -B'
NMEDIT=''
OBJDUMP='objdump'
OBJEXT='o'
OTOOL64=''
OTOOL=''
PACKAGE='librcsc'
PACKAGE_BUGREPORT='akky@users.sourceforge.jp'
PACKAGE_NAME='librcsc'
PACKAGE_STRING='librcsc 4.1.0'
PACKAGE_TARNAME='librcsc'
PACKAGE_URL=''
PACKAGE_VERSION='4.1.0'
PATH_SEPARATOR=':'
POW_LIB=''
RANLIB='ranlib'
SED='/usr/bin/sed'
SET_MAKE=''
SHELL='/bin/bash'
STRIP='strip'
UNIT_TEST_FALSE=''
UNIT_TEST_TRUE='#'
VERSION='4.1.0'
ac_ct_CC='gcc'
ac_ct_CXX='g++'
ac_ct_DUMPBIN=''
am__EXEEXT_FALSE=''
am__EXEEXT_TRUE='#'
am__fastdepCC_FALSE='#'
am__fastdepCC_TRUE=''
am__fastdepCXX_FALSE='#'
am__fastdepCXX_TRUE=''
am__include='include'
am__isrc=''
am__leading_dot='.'
am__quote=''
am__tar='${AMTAR} chof - "$$tardir"'
am__untar='${AMTAR} xf -'
bindir='${exec_prefix}/bin'
build='x86_64-unknown-linux-gnu'
build_alias=''
build_cpu='x86_64'
build_os='linux-gnu'
build_vendor='unknown'
datadir='${datarootdir}'
datarootdir='${prefix}/share'
docdir='${datarootdir}/doc/${PACKAGE_TARNAME}'
dvidir='${docdir}'
exec_prefix='${prefix}'
host='x86_64-unknown-linux-gnu'
host_alias=''
host_cpu='x86_64'
host_os='linux-gnu'
host_vendor='unknown'
htmldir='${docdir}'
includedir='${prefix}/include'
infodir='${datarootdir}/info'
install_sh='${SHELL} /home/jeferson/Documents/robocin-seletiva/robocin-2d/ferramentas/librcsc-4.1.0/config/install-sh'
libdir='${exec_prefix}/lib'
libexecdir='${exec_prefix}/libexec'
localedir='${datarootdir}/locale'
localstatedir='${prefix}/var'
lt_ECHO='echo'
mandir='${datarootdir}/man'
mkdir_p='/usr/bin/mkdir -p'
oldincludedir='/usr/include'
pdfdir='${docdir}'
prefix='/usr/local'
program_transform_name='s,x,x,'
psdir='${docdir}'
sbindir='${exec_prefix}/sbin'
sharedstatedir='${prefix}/com'
sysconfdir='${prefix}/etc'
target_alias=''

## ----------- ##
## confdefs.h. ##
## ----------- ##

/* confdefs.h */
#define PACKAGE_NAME "librcsc"
#define PACKAGE_TARNAME "librcsc"
#define PACKAGE_VERSION "4.1.0"
#define PACKAGE_STRING "librcsc 4.1.0"
#define PACKAGE_BUGREPORT "akky@users.sourceforge.jp"
#define PACKAGE_URL ""
#define PACKAGE "librcsc"
#define VERSION "4.1.0"
#define STDC_HEADERS 1
#define HAVE_SYS_TYPES_H 1
#define HAVE_SYS_STAT_H 1
#define HAVE_STDLIB_H 1
#define HAVE_STRING_H 1
#define HAVE_MEMORY_H 1
#define HAVE_STRINGS_H 1
#define HAVE_INTTYPES_H 1
#define HAVE_STDINT_H 1
#define HAVE_UNISTD_H 1
#define HAVE_DLFCN_H 1
#define LT_OBJDIR ".libs/"
#define HAVE_LIBZ 1
#define HAVE_ARPA_INET_H 1
#define HAVE_FCNTL_H 1
#define HAVE_NETINET_IN_H 1
#define HAVE_NETDB_H 1
#define HAVE_SYS_SOCKET_H 1
#define HAVE_SYS_TIME_H 1
#define HAVE_UNISTD_H 1
#define HAVE_SOCKLEN_T 1
#define TIME_WITH_SYS_TIME 1
#define STDC_HEADERS 1
#define HAVE_STDLIB_H 1
#define HAVE_MALLOC 1
#define HAVE_STDLIB_H 1
#define HAVE_REALLOC 1
#define HAVE_SYS_SELECT_H 1
#define HAVE_SYS_SOCKET_H 1
#define SELECT_TYPE_ARG1 int
#define SELECT_TYPE_ARG234 (fd_set *)
#define SELECT_TYPE_ARG5 (struct timeval *)
#define HAVE_VPRINTF 1
#define HAVE_FLOOR 1
#define HAVE_INET_ADDR 1
#define HAVE_GETADDRINFO 1
#define HAVE_GETHOSTBYNAME 1
#define HAVE_GETTIMEOFDAY 1
#define HAVE_MEMSET 1
#define HAVE_POW 1
#define HAVE_RINT 1
#define HAVE_SELECT 1
#define HAVE_SOCKET 1
#define HAVE_SQRT 1
#define HAVE_STRERROR 1
#define HAVE_STRTOL 1
#define HAVE_BOOST /**/

configure: exit 0
