This file contains any messages produced by compilers while
running configure, to aid debugging if configure makes a mistake.

It was created by soccerwindow2 configure 5.1.1, which was
generated by GNU Autoconf 2.69.  Invocation command line was

  $ ./configure 

## --------- ##
## Platform. ##
## --------- ##

hostname = jeferson
uname -m = x86_64
uname -r = 5.15.0-46-generic
uname -s = Linux
uname -v = #49~20.04.1-Ubuntu SMP Thu Aug 4 19:15:44 UTC 2022

/usr/bin/uname -p = x86_64
/bin/uname -X     = unknown

/bin/arch              = x86_64
/usr/bin/arch -k       = unknown
/usr/convex/getsysinfo = unknown
/usr/bin/hostinfo      = unknown
/bin/machine           = unknown
/usr/bin/oslevel       = unknown
/bin/universe          = unknown

PATH: /home/jeferson/.local/bin
PATH: /usr/local/sbin
PATH: /usr/local/bin
PATH: /usr/sbin
PATH: /usr/bin
PATH: /sbin
PATH: /bin
PATH: /usr/games
PATH: /usr/local/games
PATH: /snap/bin


## ----------- ##
## Core tests. ##
## ----------- ##

configure:2358: checking for a BSD-compatible install
configure:2426: result: /usr/bin/install -c
configure:2437: checking whether build environment is sane
configure:2492: result: yes
configure:2641: checking for a thread-safe mkdir -p
configure:2680: result: /usr/bin/mkdir -p
configure:2687: checking for gawk
configure:2717: result: no
configure:2687: checking for mawk
configure:2703: found /usr/bin/mawk
configure:2714: result: mawk
configure:2725: checking whether make sets $(MAKE)
configure:2747: result: yes
configure:2776: checking whether make supports nested variables
configure:2793: result: yes
configure:2979: checking for gcc
configure:2995: found /usr/bin/gcc
configure:3006: result: gcc
configure:3235: checking for C compiler version
configure:3244: gcc --version >&5
gcc (Ubuntu 9.4.0-1ubuntu1~20.04.1) 9.4.0
Copyright (C) 2019 Free Software Foundation, Inc.
This is free software; see the source for copying conditions.  There is NO
warranty; not even for MERCHANTABILITY or FITNESS FOR A PARTICULAR PURPOSE.

configure:3255: $? = 0
configure:3244: gcc -v >&5
Using built-in specs.
COLLECT_GCC=gcc
COLLECT_LTO_WRAPPER=/usr/lib/gcc/x86_64-linux-gnu/9/lto-wrapper
OFFLOAD_TARGET_NAMES=nvptx-none:hsa
OFFLOAD_TARGET_DEFAULT=1
Target: x86_64-linux-gnu
Configured with: ../src/configure -v --with-pkgversion='Ubuntu 9.4.0-1ubuntu1~20.04.1' --with-bugurl=file:///usr/share/doc/gcc-9/README.Bugs --enable-languages=c,ada,c++,go,brig,d,fortran,objc,obj-c++,gm2 --prefix=/usr --with-gcc-major-version-only --program-suffix=-9 --program-prefix=x86_64-linux-gnu- --enable-shared --enable-linker-build-id --libexecdir=/usr/lib --without-included-gettext --enable-threads=posix --libdir=/usr/lib --enable-nls --enable-clocale=gnu --enable-libstdcxx-debug --enable-libstdcxx-time=yes --with-default-libstdcxx-abi=new --enable-gnu-unique-object --disable-vtable-verify --enable-plugin --enable-default-pie --with-system-zlib --with-target-system-zlib=auto --enable-objc-gc=auto --enable-multiarch --disable-werror --with-arch-32=i686 --with-abi=m64 --with-multilib-list=m32,m64,mx32 --enable-multilib --with-tune=generic --enable-offload-targets=nvptx-none=/build/gcc-9-Av3uEd/gcc-9-9.4.0/debian/tmp-nvptx/usr,hsa --without-cuda-driver --enable-checking=release --build=x86_64-linux-gnu --host=x86_64-linux-gnu --target=x86_64-linux-gnu
Thread model: posix
gcc version 9.4.0 (Ubuntu 9.4.0-1ubuntu1~20.04.1) 
configure:3255: $? = 0
configure:3244: gcc -V >&5
gcc: error: unrecognized command line option '-V'
gcc: fatal error: no input files
compilation terminated.
configure:3255: $? = 1
configure:3244: gcc -qversion >&5
gcc: error: unrecognized command line option '-qversion'; did you mean '--version'?
gcc: fatal error: no input files
compilation terminated.
configure:3255: $? = 1
configure:3275: checking whether the C compiler works
configure:3297: gcc    conftest.c  >&5
configure:3301: $? = 0
configure:3349: result: yes
configure:3352: checking for C compiler default output file name
configure:3354: result: a.out
configure:3360: checking for suffix of executables
configure:3367: gcc -o conftest    conftest.c  >&5
configure:3371: $? = 0
configure:3393: result: 
configure:3415: checking whether we are cross compiling
configure:3423: gcc -o conftest    conftest.c  >&5
configure:3427: $? = 0
configure:3434: ./conftest
configure:3438: $? = 0
configure:3426: result: no
configure:3431: checking for suffix of object files
configure:3453: gcc -c   conftest.c >&5
configure:3457: $? = 0
configure:3478: result: o
configure:3482: checking whether we are using the GNU C compiler
configure:3501: gcc -c   conftest.c >&5
configure:3501: $? = 0
configure:3510: result: yes
configure:3519: checking whether gcc accepts -g
configure:3539: gcc -c -g  conftest.c >&5
configure:3539: $? = 0
configure:3580: result: yes
configure:3597: checking for gcc option to accept ISO C89
configure:3660: gcc  -c -g -O2  conftest.c >&5
configure:3660: $? = 0
configure:3673: result: none needed
configure:3698: checking whether gcc understands -c and -o together
configure:3720: gcc -c conftest.c -o conftest2.o
configure:3723: $? = 0
configure:3720: gcc -c conftest.c -o conftest2.o
configure:3723: $? = 0
configure:3735: result: yes
configure:3763: checking for style of include used by make
configure:3791: result: GNU
configure:3817: checking dependency style of gcc
configure:3928: result: gcc3
configure:4001: checking for g++
configure:4017: found /usr/bin/g++
configure:4028: result: g++
configure:4055: checking for C++ compiler version
configure:4064: g++ --version >&5
g++ (Ubuntu 9.4.0-1ubuntu1~20.04.1) 9.4.0
Copyright (C) 2019 Free Software Foundation, Inc.
This is free software; see the source for copying conditions.  There is NO
warranty; not even for MERCHANTABILITY or FITNESS FOR A PARTICULAR PURPOSE.

configure:4075: $? = 0
configure:4064: g++ -v >&5
Using built-in specs.
COLLECT_GCC=g++
COLLECT_LTO_WRAPPER=/usr/lib/gcc/x86_64-linux-gnu/9/lto-wrapper
OFFLOAD_TARGET_NAMES=nvptx-none:hsa
OFFLOAD_TARGET_DEFAULT=1
Target: x86_64-linux-gnu
Configured with: ../src/configure -v --with-pkgversion='Ubuntu 9.4.0-1ubuntu1~20.04.1' --with-bugurl=file:///usr/share/doc/gcc-9/README.Bugs --enable-languages=c,ada,c++,go,brig,d,fortran,objc,obj-c++,gm2 --prefix=/usr --with-gcc-major-version-only --program-suffix=-9 --program-prefix=x86_64-linux-gnu- --enable-shared --enable-linker-build-id --libexecdir=/usr/lib --without-included-gettext --enable-threads=posix --libdir=/usr/lib --enable-nls --enable-clocale=gnu --enable-libstdcxx-debug --enable-libstdcxx-time=yes --with-default-libstdcxx-abi=new --enable-gnu-unique-object --disable-vtable-verify --enable-plugin --enable-default-pie --with-system-zlib --with-target-system-zlib=auto --enable-objc-gc=auto --enable-multiarch --disable-werror --with-arch-32=i686 --with-abi=m64 --with-multilib-list=m32,m64,mx32 --enable-multilib --with-tune=generic --enable-offload-targets=nvptx-none=/build/gcc-9-Av3uEd/gcc-9-9.4.0/debian/tmp-nvptx/usr,hsa --without-cuda-driver --enable-checking=release --build=x86_64-linux-gnu --host=x86_64-linux-gnu --target=x86_64-linux-gnu
Thread model: posix
gcc version 9.4.0 (Ubuntu 9.4.0-1ubuntu1~20.04.1) 
configure:4075: $? = 0
configure:4064: g++ -V >&5
g++: error: unrecognized command line option '-V'
g++: fatal error: no input files
compilation terminated.
configure:4075: $? = 1
configure:4064: g++ -qversion >&5
g++: error: unrecognized command line option '-qversion'; did you mean '--version'?
g++: fatal error: no input files
compilation terminated.
configure:4075: $? = 1
configure:4079: checking whether we are using the GNU C++ compiler
configure:4098: g++ -c   conftest.cpp >&5
configure:4098: $? = 0
configure:4107: result: yes
configure:4116: checking whether g++ accepts -g
configure:4136: g++ -c -g  conftest.cpp >&5
configure:4136: $? = 0
configure:4177: result: yes
configure:4202: checking dependency style of g++
configure:4313: result: gcc3
configure:4371: checking for ranlib
configure:4387: found /usr/bin/ranlib
configure:4398: result: ranlib
configure:4442: enabled Qt4
configure:4514: checking for pkg-config
configure:4532: found /usr/bin/pkg-config
configure:4544: result: /usr/bin/pkg-config
configure:4569: checking pkg-config is at least version 0.9.0
configure:4572: result: yes
configure:4586: set QT4_REQUIRED_VERSION... 4.3.0
configure:4588: set QT4_REQUIRED_MODULES... QtCore QtGui QtNetwork
configure:4597: checking for pkg-config
configure:4628: result: /usr/bin/pkg-config
configure:4641: check QtCore >= 4.3.0
configure:4645: checking for Qt4
configure:4652: $PKG_CONFIG --exists --print-errors "$mod >= $QT4_REQUIRED_VERSION"
configure:4655: $? = 0
configure:4669: $PKG_CONFIG --exists --print-errors "$mod >= $QT4_REQUIRED_VERSION"
configure:4672: $? = 0
configure:4710: result: yes
configure:4641: check QtGui >= 4.3.0
configure:4645: checking for Qt4
configure:4710: result: yes
configure:4641: check QtNetwork >= 4.3.0
configure:4645: checking for Qt4
configure:4710: result: yes
configure:4724: set QT4_CXXFLAGS... -DQT_SHARED -I/usr/include/qt4 -I/usr/include/qt4/QtGui -I/usr/include/qt4 -I/usr/include/qt4/QtNetwork -I/usr/include/qt4 -I/usr/include/qt4/QtCore
configure:4726: set QT4_LDFLAGS... -L/usr/X11R6/lib64
configure:4728: set QT4_LDADD... -pthread -lQtGui -lQtCore -lfontconfig -lpthread -laudio -lXt -lgthread-2.0 -lglib-2.0 -lpng -lz -lfreetype -lgobject-2.0 -lglib-2.0 -lSM -lICE -lXi -lXrender -lfontconfig -lfreetype -lXext -lX11 -lm -lQtNetwork -lQtCore -lfontconfig -lpthread -lz -lQtCore -lfontconfig -lpthread -lz -lm -ldl -lgthread-2.0 -lglib-2.0 -lrt
configure:4767: set QT4_MOC... /usr/share/qt4/bin/moc
configure:4870: checking for boostlib >= 1.32.0
configure:4930: g++ -c -g -O2  -I/usr/include conftest.cpp >&5
configure:4930: $? = 0
configure:4932: result: yes
configure:5110: checking for cos in -lm
configure:5135: g++ -o conftest -g -O2  -I/usr/include  -L/usr/lib64 conftest.cpp -lm   >&5
conftest.cpp:19:6: warning: declaration of 'char cos()' conflicts with built-in declaration 'double cos(double)' [-Wbuiltin-declaration-mismatch]
   19 | char cos ();
      |      ^~~
configure:5135: $? = 0
configure:5144: result: yes
configure:5152: checking for deflate in -lz
configure:5177: g++ -o conftest -g -O2  -I/usr/include  -L/usr/lib64 conftest.cpp -lz  -lm  >&5
configure:5177: $? = 0
configure:5186: result: yes
configure:5198: checking for main in -lrcsc_geom
configure:5217: g++ -o conftest -g -O2  -I/usr/include  -L/usr/lib64 conftest.cpp -lrcsc_geom  -lz -lm  >&5
configure:5217: $? = 0
configure:5226: result: yes
configure:5234: checking for main in -lrcsc_rcg
configure:5253: g++ -o conftest -g -O2  -I/usr/include  -L/usr/lib64 conftest.cpp -lrcsc_rcg  -lrcsc_geom -lz -lm  >&5
configure:5253: $? = 0
configure:5262: result: yes
configure:5271: checking for main in -lrcsc_gz
configure:5290: g++ -o conftest -g -O2  -I/usr/include  -L/usr/lib64 conftest.cpp -lrcsc_gz  -lrcsc_rcg -lrcsc_geom -lz -lm  >&5
configure:5290: $? = 0
configure:5299: result: yes
configure:5310: checking for main in -lrcsc_param
configure:5329: g++ -o conftest -g -O2  -I/usr/include  -L/usr/lib64 conftest.cpp -lrcsc_param  -lrcsc_gz -lrcsc_rcg -lrcsc_geom -lz -lm  >&5
configure:5329: $? = 0
configure:5338: result: yes
configure:5346: checking for main in -lrcsc_time
configure:5365: g++ -o conftest -g -O2  -I/usr/include  -L/usr/lib64 conftest.cpp -lrcsc_time  -lrcsc_param -lrcsc_gz -lrcsc_rcg -lrcsc_geom -lz -lm  >&5
configure:5365: $? = 0
configure:5374: result: yes
configure:5382: checking for main in -lrcsc_net
configure:5401: g++ -o conftest -g -O2  -I/usr/include  -L/usr/lib64 conftest.cpp -lrcsc_net  -lrcsc_time -lrcsc_param -lrcsc_gz -lrcsc_rcg -lrcsc_geom -lz -lm  >&5
configure:5401: $? = 0
configure:5410: result: yes
configure:5418: checking for main in -lrcsc_ann
configure:5437: g++ -o conftest -g -O2  -I/usr/include  -L/usr/lib64 conftest.cpp -lrcsc_ann  -lrcsc_net -lrcsc_time -lrcsc_param -lrcsc_gz -lrcsc_rcg -lrcsc_geom -lz -lm  >&5
configure:5437: $? = 0
configure:5446: result: yes
configure:5454: checking for main in -lrcsc_agent
configure:5473: g++ -o conftest -g -O2  -I/usr/include  -L/usr/lib64 conftest.cpp -lrcsc_agent  -lrcsc_ann -lrcsc_net -lrcsc_time -lrcsc_param -lrcsc_gz -lrcsc_rcg -lrcsc_geom -lz -lm  >&5
configure:5473: $? = 0
configure:5482: result: yes
configure:5499: checking how to run the C++ preprocessor
configure:5526: g++ -E  -I/usr/include conftest.cpp
configure:5526: $? = 0
configure:5540: g++ -E  -I/usr/include conftest.cpp
conftest.cpp:14:10: fatal error: ac_nonexistent.h: No such file or directory
   14 | #include <ac_nonexistent.h>
      |          ^~~~~~~~~~~~~~~~~~
compilation terminated.
configure:5540: $? = 1
configure: failed program was:
| /* confdefs.h */
| #define PACKAGE_NAME "soccerwindow2"
| #define PACKAGE_TARNAME "soccerwindow2"
| #define PACKAGE_VERSION "5.1.1"
| #define PACKAGE_STRING "soccerwindow2 5.1.1"
| #define PACKAGE_BUGREPORT "akky@users.sourceforge.jp"
| #define PACKAGE_URL ""
| #define PACKAGE "soccerwindow2"
| #define VERSION "5.1.1"
| #define HAVE_BOOST /**/
| #define HAVE_LIBZ 1
| #define HAVE_LIBRCSC_GZ 1
| /* end confdefs.h.  */
| #include <ac_nonexistent.h>
configure:5565: result: g++ -E
configure:5585: g++ -E  -I/usr/include conftest.cpp
configure:5585: $? = 0
configure:5599: g++ -E  -I/usr/include conftest.cpp
conftest.cpp:14:10: fatal error: ac_nonexistent.h: No such file or directory
   14 | #include <ac_nonexistent.h>
      |          ^~~~~~~~~~~~~~~~~~
compilation terminated.
configure:5599: $? = 1
configure: failed program was:
| /* confdefs.h */
| #define PACKAGE_NAME "soccerwindow2"
| #define PACKAGE_TARNAME "soccerwindow2"
| #define PACKAGE_VERSION "5.1.1"
| #define PACKAGE_STRING "soccerwindow2 5.1.1"
| #define PACKAGE_BUGREPORT "akky@users.sourceforge.jp"
| #define PACKAGE_URL ""
| #define PACKAGE "soccerwindow2"
| #define VERSION "5.1.1"
| #define HAVE_BOOST /**/
| #define HAVE_LIBZ 1
| #define HAVE_LIBRCSC_GZ 1
| /* end confdefs.h.  */
| #include <ac_nonexistent.h>
configure:5628: checking for grep that handles long lines and -e
configure:5686: result: /usr/bin/grep
configure:5691: checking for egrep
configure:5753: result: /usr/bin/grep -E
configure:5758: checking for ANSI C header files
configure:5778: g++ -c -g -O2  -I/usr/include conftest.cpp >&5
configure:5778: $? = 0
configure:5851: g++ -o conftest -g -O2  -I/usr/include  -L/usr/lib64 conftest.cpp -lrcsc_agent -lrcsc_ann -lrcsc_net -lrcsc_time -lrcsc_param -lrcsc_gz -lrcsc_rcg -lrcsc_geom -lz -lm  >&5
configure:5851: $? = 0
configure:5851: ./conftest
configure:5851: $? = 0
configure:5862: result: yes
configure:5875: checking for sys/types.h
configure:5875: g++ -c -g -O2  -I/usr/include conftest.cpp >&5
configure:5875: $? = 0
configure:5875: result: yes
configure:5875: checking for sys/stat.h
configure:5875: g++ -c -g -O2  -I/usr/include conftest.cpp >&5
configure:5875: $? = 0
configure:5875: result: yes
configure:5875: checking for stdlib.h
configure:5875: g++ -c -g -O2  -I/usr/include conftest.cpp >&5
configure:5875: $? = 0
configure:5875: result: yes
configure:5875: checking for string.h
configure:5875: g++ -c -g -O2  -I/usr/include conftest.cpp >&5
configure:5875: $? = 0
configure:5875: result: yes
configure:5875: checking for memory.h
configure:5875: g++ -c -g -O2  -I/usr/include conftest.cpp >&5
configure:5875: $? = 0
configure:5875: result: yes
configure:5875: checking for strings.h
configure:5875: g++ -c -g -O2  -I/usr/include conftest.cpp >&5
configure:5875: $? = 0
configure:5875: result: yes
configure:5875: checking for inttypes.h
configure:5875: g++ -c -g -O2  -I/usr/include conftest.cpp >&5
configure:5875: $? = 0
configure:5875: result: yes
configure:5875: checking for stdint.h
configure:5875: g++ -c -g -O2  -I/usr/include conftest.cpp >&5
configure:5875: $? = 0
configure:5875: result: yes
configure:5875: checking for unistd.h
configure:5875: g++ -c -g -O2  -I/usr/include conftest.cpp >&5
configure:5875: $? = 0
configure:5875: result: yes
configure:5889: checking netinet/in.h usability
configure:5889: g++ -c -g -O2  -I/usr/include conftest.cpp >&5
configure:5889: $? = 0
configure:5889: result: yes
configure:5889: checking netinet/in.h presence
configure:5889: g++ -E  -I/usr/include conftest.cpp
configure:5889: $? = 0
configure:5889: result: yes
configure:5889: checking for netinet/in.h
configure:5889: result: yes
configure:5904: checking for stdbool.h that conforms to C99
configure:5971: g++ -c -g -O2  -I/usr/include conftest.cpp >&5
conftest.cpp:28:15: error: expected unqualified-id before string constant
   28 |               "error: bool is not defined"
      |               ^~~~~~~~~~~~~~~~~~~~~~~~~~~~
conftest.cpp:46:48: error: 's' does not name a type
   46 |              struct s { _Bool s: 1; _Bool t; } s;
      |                                                ^
conftest.cpp:56:28: error: 's' was not declared in this scope
   56 |              char i[sizeof s.t];
      |                            ^
conftest.cpp: In function 'int main()':
conftest.cpp:74:24: error: 's' was not declared in this scope
   74 |              bool e = &s;
      |                        ^
conftest.cpp:78:63: error: 'i' was not declared in this scope
   78 |              return (!a + !b + !c + !d + !e + !f + !g + !h + !i + !!j + !k + !!l
      |                                                               ^
configure:5971: $? = 1
configure: failed program was:
| /* confdefs.h */
| #define PACKAGE_NAME "soccerwindow2"
| #define PACKAGE_TARNAME "soccerwindow2"
| #define PACKAGE_VERSION "5.1.1"
| #define PACKAGE_STRING "soccerwindow2 5.1.1"
| #define PACKAGE_BUGREPORT "akky@users.sourceforge.jp"
| #define PACKAGE_URL ""
| #define PACKAGE "soccerwindow2"
| #define VERSION "5.1.1"
| #define HAVE_BOOST /**/
| #define HAVE_LIBZ 1
| #define HAVE_LIBRCSC_GZ 1
| #define STDC_HEADERS 1
| #define HAVE_SYS_TYPES_H 1
| #define HAVE_SYS_STAT_H 1
| #define HAVE_STDLIB_H 1
| #define HAVE_STRING_H 1
| #define HAVE_MEMORY_H 1
| #define HAVE_STRINGS_H 1
| #define HAVE_INTTYPES_H 1
| #define HAVE_STDINT_H 1
| #define HAVE_UNISTD_H 1
| #define HAVE_NETINET_IN_H 1
| /* end confdefs.h.  */
| 
|              #include <stdbool.h>
|              #ifndef bool
|               "error: bool is not defined"
|              #endif
|              #ifndef false
|               "error: false is not defined"
|              #endif
|              #if false
|               "error: false is not 0"
|              #endif
|              #ifndef true
|               "error: true is not defined"
|              #endif
|              #if true != 1
|               "error: true is not 1"
|              #endif
|              #ifndef __bool_true_false_are_defined
|               "error: __bool_true_false_are_defined is not defined"
|              #endif
| 
|              struct s { _Bool s: 1; _Bool t; } s;
| 
|              char a[true == 1 ? 1 : -1];
|              char b[false == 0 ? 1 : -1];
|              char c[__bool_true_false_are_defined == 1 ? 1 : -1];
|              char d[(bool) 0.5 == true ? 1 : -1];
|              /* See body of main program for 'e'.  */
|              char f[(_Bool) 0.0 == false ? 1 : -1];
|              char g[true];
|              char h[sizeof (_Bool)];
|              char i[sizeof s.t];
|              enum { j = false, k = true, l = false * true, m = true * 256 };
|              /* The following fails for
|                 HP aC++/ANSI C B3910B A.05.55 [Dec 04 2003]. */
|              _Bool n[m];
|              char o[sizeof n == m * sizeof n[0] ? 1 : -1];
|              char p[-1 - (_Bool) 0 < 0 && -1 - (bool) 0 < 0 ? 1 : -1];
|              /* Catch a bug in an HP-UX C compiler.  See
|                 http://gcc.gnu.org/ml/gcc-patches/2003-12/msg02303.html
|                 http://lists.gnu.org/archive/html/bug-coreutils/2005-11/msg00161.html
|               */
|              _Bool q = true;
|              _Bool *pq = &q;
| 
| int
| main ()
| {
| 
|              bool e = &s;
|              *pq |= q;
|              *pq |= ! q;
|              /* Refer to every declared value, to avoid compiler optimizations.  */
|              return (!a + !b + !c + !d + !e + !f + !g + !h + !i + !!j + !k + !!l
|                      + !m + !n + !o + !p + !q + !pq);
| 
|   ;
|   return 0;
| }
configure:5978: result: no
configure:5980: checking for _Bool
configure:5980: g++ -c -g -O2  -I/usr/include conftest.cpp >&5
conftest.cpp: In function 'int main()':
conftest.cpp:61:13: error: '_Bool' was not declared in this scope
   61 | if (sizeof (_Bool))
      |             ^~~~~
configure:5980: $? = 1
configure: failed program was:
| /* confdefs.h */
| #define PACKAGE_NAME "soccerwindow2"
| #define PACKAGE_TARNAME "soccerwindow2"
| #define PACKAGE_VERSION "5.1.1"
| #define PACKAGE_STRING "soccerwindow2 5.1.1"
| #define PACKAGE_BUGREPORT "akky@users.sourceforge.jp"
| #define PACKAGE_URL ""
| #define PACKAGE "soccerwindow2"
| #define VERSION "5.1.1"
| #define HAVE_BOOST /**/
| #define HAVE_LIBZ 1
| #define HAVE_LIBRCSC_GZ 1
| #define STDC_HEADERS 1
| #define HAVE_SYS_TYPES_H 1
| #define HAVE_SYS_STAT_H 1
| #define HAVE_STDLIB_H 1
| #define HAVE_STRING_H 1
| #define HAVE_MEMORY_H 1
| #define HAVE_STRINGS_H 1
| #define HAVE_INTTYPES_H 1
| #define HAVE_STDINT_H 1
| #define HAVE_UNISTD_H 1
| #define HAVE_NETINET_IN_H 1
| /* end confdefs.h.  */
| #include <stdio.h>
| #ifdef HAVE_SYS_TYPES_H
| # include <sys/types.h>
| #endif
| #ifdef HAVE_SYS_STAT_H
| # include <sys/stat.h>
| #endif
| #ifdef STDC_HEADERS
| # include <stdlib.h>
| # include <stddef.h>
| #else
| # ifdef HAVE_STDLIB_H
| #  include <stdlib.h>
| # endif
| #endif
| #ifdef HAVE_STRING_H
| # if !defined STDC_HEADERS && defined HAVE_MEMORY_H
| #  include <memory.h>
| # endif
| # include <string.h>
| #endif
| #ifdef HAVE_STRINGS_H
| # include <strings.h>
| #endif
| #ifdef HAVE_INTTYPES_H
| # include <inttypes.h>
| #endif
| #ifdef HAVE_STDINT_H
| # include <stdint.h>
| #endif
| #ifdef HAVE_UNISTD_H
| # include <unistd.h>
| #endif
| int
| main ()
| {
| if (sizeof (_Bool))
| 	 return 0;
|   ;
|   return 0;
| }
configure:5980: result: no
configure:5997: checking for an ANSI C-conforming const
configure:6063: g++ -c -g -O2  -I/usr/include conftest.cpp >&5
configure:6063: $? = 0
configure:6070: result: yes
configure:6078: checking for inline
configure:6094: g++ -c -g -O2  -I/usr/include conftest.cpp >&5
configure:6094: $? = 0
configure:6102: result: inline
configure:6120: checking for size_t
configure:6120: g++ -c -g -O2  -I/usr/include conftest.cpp >&5
configure:6120: $? = 0
configure:6120: g++ -c -g -O2  -I/usr/include conftest.cpp >&5
conftest.cpp: In function 'int main()':
conftest.cpp:61:20: error: expected primary-expression before ')' token
   61 | if (sizeof ((size_t)))
      |                    ^
configure:6120: $? = 1
configure: failed program was:
| /* confdefs.h */
| #define PACKAGE_NAME "soccerwindow2"
| #define PACKAGE_TARNAME "soccerwindow2"
| #define PACKAGE_VERSION "5.1.1"
| #define PACKAGE_STRING "soccerwindow2 5.1.1"
| #define PACKAGE_BUGREPORT "akky@users.sourceforge.jp"
| #define PACKAGE_URL ""
| #define PACKAGE "soccerwindow2"
| #define VERSION "5.1.1"
| #define HAVE_BOOST /**/
| #define HAVE_LIBZ 1
| #define HAVE_LIBRCSC_GZ 1
| #define STDC_HEADERS 1
| #define HAVE_SYS_TYPES_H 1
| #define HAVE_SYS_STAT_H 1
| #define HAVE_STDLIB_H 1
| #define HAVE_STRING_H 1
| #define HAVE_MEMORY_H 1
| #define HAVE_STRINGS_H 1
| #define HAVE_INTTYPES_H 1
| #define HAVE_STDINT_H 1
| #define HAVE_UNISTD_H 1
| #define HAVE_NETINET_IN_H 1
| /* end confdefs.h.  */
| #include <stdio.h>
| #ifdef HAVE_SYS_TYPES_H
| # include <sys/types.h>
| #endif
| #ifdef HAVE_SYS_STAT_H
| # include <sys/stat.h>
| #endif
| #ifdef STDC_HEADERS
| # include <stdlib.h>
| # include <stddef.h>
| #else
| # ifdef HAVE_STDLIB_H
| #  include <stdlib.h>
| # endif
| #endif
| #ifdef HAVE_STRING_H
| # if !defined STDC_HEADERS && defined HAVE_MEMORY_H
| #  include <memory.h>
| # endif
| # include <string.h>
| #endif
| #ifdef HAVE_STRINGS_H
| # include <strings.h>
| #endif
| #ifdef HAVE_INTTYPES_H
| # include <inttypes.h>
| #endif
| #ifdef HAVE_STDINT_H
| # include <stdint.h>
| #endif
| #ifdef HAVE_UNISTD_H
| # include <unistd.h>
| #endif
| int
| main ()
| {
| if (sizeof ((size_t)))
| 	    return 0;
|   ;
|   return 0;
| }
configure:6120: result: yes
configure:6131: checking for pid_t
configure:6131: g++ -c -g -O2  -I/usr/include conftest.cpp >&5
configure:6131: $? = 0
configure:6131: g++ -c -g -O2  -I/usr/include conftest.cpp >&5
conftest.cpp: In function 'int main()':
conftest.cpp:61:19: error: expected primary-expression before ')' token
   61 | if (sizeof ((pid_t)))
      |                   ^
configure:6131: $? = 1
configure: failed program was:
| /* confdefs.h */
| #define PACKAGE_NAME "soccerwindow2"
| #define PACKAGE_TARNAME "soccerwindow2"
| #define PACKAGE_VERSION "5.1.1"
| #define PACKAGE_STRING "soccerwindow2 5.1.1"
| #define PACKAGE_BUGREPORT "akky@users.sourceforge.jp"
| #define PACKAGE_URL ""
| #define PACKAGE "soccerwindow2"
| #define VERSION "5.1.1"
| #define HAVE_BOOST /**/
| #define HAVE_LIBZ 1
| #define HAVE_LIBRCSC_GZ 1
| #define STDC_HEADERS 1
| #define HAVE_SYS_TYPES_H 1
| #define HAVE_SYS_STAT_H 1
| #define HAVE_STDLIB_H 1
| #define HAVE_STRING_H 1
| #define HAVE_MEMORY_H 1
| #define HAVE_STRINGS_H 1
| #define HAVE_INTTYPES_H 1
| #define HAVE_STDINT_H 1
| #define HAVE_UNISTD_H 1
| #define HAVE_NETINET_IN_H 1
| /* end confdefs.h.  */
| #include <stdio.h>
| #ifdef HAVE_SYS_TYPES_H
| # include <sys/types.h>
| #endif
| #ifdef HAVE_SYS_STAT_H
| # include <sys/stat.h>
| #endif
| #ifdef STDC_HEADERS
| # include <stdlib.h>
| # include <stddef.h>
| #else
| # ifdef HAVE_STDLIB_H
| #  include <stdlib.h>
| # endif
| #endif
| #ifdef HAVE_STRING_H
| # if !defined STDC_HEADERS && defined HAVE_MEMORY_H
| #  include <memory.h>
| # endif
| # include <string.h>
| #endif
| #ifdef HAVE_STRINGS_H
| # include <strings.h>
| #endif
| #ifdef HAVE_INTTYPES_H
| # include <inttypes.h>
| #endif
| #ifdef HAVE_STDINT_H
| # include <stdint.h>
| #endif
| #ifdef HAVE_UNISTD_H
| # include <unistd.h>
| #endif
| int
| main ()
| {
| if (sizeof ((pid_t)))
| 	    return 0;
|   ;
|   return 0;
| }
configure:6131: result: yes
configure:6142: checking whether struct tm is in sys/time.h or time.h
configure:6162: g++ -c -g -O2  -I/usr/include conftest.cpp >&5
configure:6162: $? = 0
configure:6169: result: time.h
configure:6180: checking for ANSI C header files
configure:6284: result: yes
configure:6294: checking for strftime
configure:6294: g++ -o conftest -g -O2  -I/usr/include  -L/usr/lib64 conftest.cpp -lrcsc_agent -lrcsc_ann -lrcsc_net -lrcsc_time -lrcsc_param -lrcsc_gz -lrcsc_rcg -lrcsc_geom -lz -lm  >&5
conftest.cpp:49:6: warning: declaration of 'char strftime()' conflicts with built-in declaration 'long unsigned int strftime(char*, long unsigned int, const char*, const void*)' [-Wbuiltin-declaration-mismatch]
   49 | char strftime ();
      |      ^~~~~~~~
configure:6294: $? = 0
configure:6294: result: yes
configure:6349: checking for vprintf
configure:6349: g++ -o conftest -g -O2  -I/usr/include  -L/usr/lib64 conftest.cpp -lrcsc_agent -lrcsc_ann -lrcsc_net -lrcsc_time -lrcsc_param -lrcsc_gz -lrcsc_rcg -lrcsc_geom -lz -lm  >&5
conftest.cpp:50:6: warning: declaration of 'char vprintf()' conflicts with built-in declaration 'int vprintf(const char*, __va_list_tag*)' [-Wbuiltin-declaration-mismatch]
   50 | char vprintf ();
      |      ^~~~~~~
configure:6349: $? = 0
configure:6349: result: yes
configure:6355: checking for _doprnt
configure:6355: g++ -o conftest -g -O2  -I/usr/include  -L/usr/lib64 conftest.cpp -lrcsc_agent -lrcsc_ann -lrcsc_net -lrcsc_time -lrcsc_param -lrcsc_gz -lrcsc_rcg -lrcsc_geom -lz -lm  >&5
/usr/bin/ld: /tmp/ccU0l1bB.o: in function `main':
/home/jeferson/Documents/robocin-seletiva/robocin-2d/ferramentas/soccerwindow2-5.1.1/conftest.cpp:62: undefined reference to `_doprnt'
collect2: error: ld returned 1 exit status
configure:6355: $? = 1
configure: failed program was:
| /* confdefs.h */
| #define PACKAGE_NAME "soccerwindow2"
| #define PACKAGE_TARNAME "soccerwindow2"
| #define PACKAGE_VERSION "5.1.1"
| #define PACKAGE_STRING "soccerwindow2 5.1.1"
| #define PACKAGE_BUGREPORT "akky@users.sourceforge.jp"
| #define PACKAGE_URL ""
| #define PACKAGE "soccerwindow2"
| #define VERSION "5.1.1"
| #define HAVE_BOOST /**/
| #define HAVE_LIBZ 1
| #define HAVE_LIBRCSC_GZ 1
| #define STDC_HEADERS 1
| #define HAVE_SYS_TYPES_H 1
| #define HAVE_SYS_STAT_H 1
| #define HAVE_STDLIB_H 1
| #define HAVE_STRING_H 1
| #define HAVE_MEMORY_H 1
| #define HAVE_STRINGS_H 1
| #define HAVE_INTTYPES_H 1
| #define HAVE_STDINT_H 1
| #define HAVE_UNISTD_H 1
| #define HAVE_NETINET_IN_H 1
| #define STDC_HEADERS 1
| #define HAVE_STRFTIME 1
| #define HAVE_VPRINTF 1
| /* end confdefs.h.  */
| /* Define _doprnt to an innocuous variant, in case <limits.h> declares _doprnt.
|    For example, HP-UX 11i <limits.h> declares gettimeofday.  */
| #define _doprnt innocuous__doprnt
| 
| /* System header to define __stub macros and hopefully few prototypes,
|     which can conflict with char _doprnt (); below.
|     Prefer <limits.h> to <assert.h> if __STDC__ is defined, since
|     <limits.h> exists even on freestanding compilers.  */
| 
| #ifdef __STDC__
| # include <limits.h>
| #else
| # include <assert.h>
| #endif
| 
| #undef _doprnt
| 
| /* Override any GCC internal prototype to avoid an error.
|    Use char because int might match the return type of a GCC
|    builtin and then its argument prototype would still apply.  */
| #ifdef __cplusplus
| extern "C"
| #endif
| char _doprnt ();
| /* The GNU C library defines this for functions which it implements
|     to always fail with ENOSYS.  Some functions are actually named
|     something starting with __ and the normal name is an alias.  */
| #if defined __stub__doprnt || defined __stub____doprnt
| choke me
| #endif
| 
| int
| main ()
| {
| return _doprnt ();
|   ;
|   return 0;
| }
configure:6355: result: no
configure:6372: checking for floor
configure:6372: g++ -o conftest -g -O2  -I/usr/include  -L/usr/lib64 conftest.cpp -lrcsc_agent -lrcsc_ann -lrcsc_net -lrcsc_time -lrcsc_param -lrcsc_gz -lrcsc_rcg -lrcsc_geom -lz -lm  >&5
conftest.cpp:51:6: warning: declaration of 'char floor()' conflicts with built-in declaration 'double floor(double)' [-Wbuiltin-declaration-mismatch]
   51 | char floor ();
      |      ^~~~~
configure:6372: $? = 0
configure:6372: result: yes
configure:6372: checking for memset
configure:6372: g++ -o conftest -g -O2  -I/usr/include  -L/usr/lib64 conftest.cpp -lrcsc_agent -lrcsc_ann -lrcsc_net -lrcsc_time -lrcsc_param -lrcsc_gz -lrcsc_rcg -lrcsc_geom -lz -lm  >&5
conftest.cpp:52:6: warning: declaration of 'char memset()' conflicts with built-in declaration 'void* memset(void*, int, long unsigned int)' [-Wbuiltin-declaration-mismatch]
   52 | char memset ();
      |      ^~~~~~
configure:6372: $? = 0
configure:6372: result: yes
configure:6372: checking for pow
configure:6372: g++ -o conftest -g -O2  -I/usr/include  -L/usr/lib64 conftest.cpp -lrcsc_agent -lrcsc_ann -lrcsc_net -lrcsc_time -lrcsc_param -lrcsc_gz -lrcsc_rcg -lrcsc_geom -lz -lm  >&5
conftest.cpp:53:6: warning: declaration of 'char pow()' conflicts with built-in declaration 'double pow(double, double)' [-Wbuiltin-declaration-mismatch]
   53 | char pow ();
      |      ^~~
configure:6372: $? = 0
configure:6372: result: yes
configure:6372: checking for rint
configure:6372: g++ -o conftest -g -O2  -I/usr/include  -L/usr/lib64 conftest.cpp -lrcsc_agent -lrcsc_ann -lrcsc_net -lrcsc_time -lrcsc_param -lrcsc_gz -lrcsc_rcg -lrcsc_geom -lz -lm  >&5
conftest.cpp:54:6: warning: declaration of 'char rint()' conflicts with built-in declaration 'double rint(double)' [-Wbuiltin-declaration-mismatch]
   54 | char rint ();
      |      ^~~~
configure:6372: $? = 0
configure:6372: result: yes
configure:6372: checking for sqrt
configure:6372: g++ -o conftest -g -O2  -I/usr/include  -L/usr/lib64 conftest.cpp -lrcsc_agent -lrcsc_ann -lrcsc_net -lrcsc_time -lrcsc_param -lrcsc_gz -lrcsc_rcg -lrcsc_geom -lz -lm  >&5
conftest.cpp:55:6: warning: declaration of 'char sqrt()' conflicts with built-in declaration 'double sqrt(double)' [-Wbuiltin-declaration-mismatch]
   55 | char sqrt ();
      |      ^~~~
configure:6372: $? = 0
configure:6372: result: yes
configure:6372: checking for strtol
configure:6372: g++ -o conftest -g -O2  -I/usr/include  -L/usr/lib64 conftest.cpp -lrcsc_agent -lrcsc_ann -lrcsc_net -lrcsc_time -lrcsc_param -lrcsc_gz -lrcsc_rcg -lrcsc_geom -lz -lm  >&5
configure:6372: $? = 0
configure:6372: result: yes
configure:6381: checking for rint
configure:6381: result: yes
configure:6542: checking that generated files are newer than configure
configure:6548: result: done
configure:6583: creating ./config.status

## ---------------------- ##
## Running config.status. ##
## ---------------------- ##

This file was extended by soccerwindow2 config.status 5.1.1, which was
generated by GNU Autoconf 2.69.  Invocation command line was

  CONFIG_FILES    = 
  CONFIG_HEADERS  = 
  CONFIG_LINKS    = 
  CONFIG_COMMANDS = 
  $ ./config.status 

on jeferson

config.status:894: creating Doxyfile
config.status:894: creating soccerwindow2.spec
config.status:894: creating Makefile
config.status:894: creating src/sswindow2
config.status:894: creating src/soccerwindow2
config.status:894: creating src/Makefile
config.status:894: creating src/model/Makefile
config.status:894: creating src/qt4/Makefile
config.status:894: creating config.h
config.status:1123: executing depfiles commands

## ---------------- ##
## Cache variables. ##
## ---------------- ##

ac_cv_c_compiler_gnu=yes
ac_cv_c_const=yes
ac_cv_c_inline=inline
ac_cv_cxx_compiler_gnu=yes
ac_cv_env_CCC_set=
ac_cv_env_CCC_value=
ac_cv_env_CC_set=
ac_cv_env_CC_value=
ac_cv_env_CFLAGS_set=
ac_cv_env_CFLAGS_value=
ac_cv_env_CPPFLAGS_set=
ac_cv_env_CPPFLAGS_value=
ac_cv_env_CXXCPP_set=
ac_cv_env_CXXCPP_value=
ac_cv_env_CXXFLAGS_set=
ac_cv_env_CXXFLAGS_value=
ac_cv_env_CXX_set=
ac_cv_env_CXX_value=
ac_cv_env_LDFLAGS_set=
ac_cv_env_LDFLAGS_value=
ac_cv_env_LIBS_set=
ac_cv_env_LIBS_value=
ac_cv_env_PKG_CONFIG_LIBDIR_set=
ac_cv_env_PKG_CONFIG_LIBDIR_value=
ac_cv_env_PKG_CONFIG_PATH_set=
ac_cv_env_PKG_CONFIG_PATH_value=
ac_cv_env_PKG_CONFIG_set=
ac_cv_env_PKG_CONFIG_value=
ac_cv_env_Qt4_CFLAGS_set=
ac_cv_env_Qt4_CFLAGS_value=
ac_cv_env_Qt4_LIBS_set=
ac_cv_env_Qt4_LIBS_value=
ac_cv_env_build_alias_set=
ac_cv_env_build_alias_value=
ac_cv_env_host_alias_set=
ac_cv_env_host_alias_value=
ac_cv_env_target_alias_set=
ac_cv_env_target_alias_value=
ac_cv_func__doprnt=no
ac_cv_func_floor=yes
ac_cv_func_memset=yes
ac_cv_func_pow=yes
ac_cv_func_rint=yes
ac_cv_func_sqrt=yes
ac_cv_func_strftime=yes
ac_cv_func_strtol=yes
ac_cv_func_vprintf=yes
ac_cv_header_inttypes_h=yes
ac_cv_header_memory_h=yes
ac_cv_header_netinet_in_h=yes
ac_cv_header_stdbool_h=no
ac_cv_header_stdc=yes
ac_cv_header_stdint_h=yes
ac_cv_header_stdlib_h=yes
ac_cv_header_string_h=yes
ac_cv_header_strings_h=yes
ac_cv_header_sys_stat_h=yes
ac_cv_header_sys_types_h=yes
ac_cv_header_unistd_h=yes
ac_cv_lib_m_cos=yes
ac_cv_lib_rcsc_agent_main=yes
ac_cv_lib_rcsc_ann_main=yes
ac_cv_lib_rcsc_geom_main=yes
ac_cv_lib_rcsc_gz_main=yes
ac_cv_lib_rcsc_net_main=yes
ac_cv_lib_rcsc_param_main=yes
ac_cv_lib_rcsc_rcg_main=yes
ac_cv_lib_rcsc_time_main=yes
ac_cv_lib_z_deflate=yes
ac_cv_objext=o
ac_cv_path_EGREP='/usr/bin/grep -E'
ac_cv_path_GREP=/usr/bin/grep
ac_cv_path_PKG_CONFIG=/usr/bin/pkg-config
ac_cv_path_ac_pt_PKG_CONFIG=/usr/bin/pkg-config
ac_cv_path_install='/usr/bin/install -c'
ac_cv_path_mkdir=/usr/bin/mkdir
ac_cv_prog_AWK=mawk
ac_cv_prog_CXXCPP='g++ -E'
ac_cv_prog_ac_ct_CC=gcc
ac_cv_prog_ac_ct_CXX=g++
ac_cv_prog_ac_ct_RANLIB=ranlib
ac_cv_prog_cc_c89=
ac_cv_prog_cc_g=yes
ac_cv_prog_cxx_g=yes
ac_cv_prog_make_make_set=yes
ac_cv_struct_tm=time.h
ac_cv_type__Bool=no
ac_cv_type_pid_t=yes
ac_cv_type_size_t=yes
am_cv_CC_dependencies_compiler_type=gcc3
am_cv_CXX_dependencies_compiler_type=gcc3
am_cv_make_support_nested_variables=yes
am_cv_prog_cc_c_o=yes
pkg_cv_Qt4_CFLAGS='-DQT_SHARED -I/usr/include/qt4 -I/usr/include/qt4/QtCore'
pkg_cv_Qt4_LIBS=-lQtCore

## ----------------- ##
## Output variables. ##
## ----------------- ##

ACLOCAL='${SHELL} /home/jeferson/Documents/robocin-seletiva/robocin-2d/ferramentas/soccerwindow2-5.1.1/config/missing aclocal-1.15'
AMDEPBACKSLASH='\'
AMDEP_FALSE='#'
AMDEP_TRUE=''
AMTAR='$${TAR-tar}'
AM_BACKSLASH='\'
AM_DEFAULT_V='$(AM_DEFAULT_VERBOSITY)'
AM_DEFAULT_VERBOSITY='1'
AM_V='$(V)'
AUTOCONF='${SHELL} /home/jeferson/Documents/robocin-seletiva/robocin-2d/ferramentas/soccerwindow2-5.1.1/config/missing autoconf'
AUTOHEADER='${SHELL} /home/jeferson/Documents/robocin-seletiva/robocin-2d/ferramentas/soccerwindow2-5.1.1/config/missing autoheader'
AUTOMAKE='${SHELL} /home/jeferson/Documents/robocin-seletiva/robocin-2d/ferramentas/soccerwindow2-5.1.1/config/missing automake-1.15'
AWK='mawk'
BOOST_CPPFLAGS='-I/usr/include'
BOOST_LDFLAGS='-L/usr/lib64'
BUILD_QT4_FALSE='#'
BUILD_QT4_TRUE=''
CC='gcc'
CCDEPMODE='depmode=gcc3'
CFLAGS='-g -O2'
CPPFLAGS=' -I/usr/include'
CXX='g++'
CXXCPP='g++ -E'
CXXDEPMODE='depmode=gcc3'
CXXFLAGS='-g -O2'
CYGPATH_W='echo'
DEFS='-DHAVE_CONFIG_H'
DEPDIR='.deps'
ECHO_C=''
ECHO_N='-n'
ECHO_T=''
EGREP='/usr/bin/grep -E'
EXEEXT=''
GREP='/usr/bin/grep'
INSTALL_DATA='${INSTALL} -m 644'
INSTALL_PROGRAM='${INSTALL}'
INSTALL_SCRIPT='${INSTALL}'
INSTALL_STRIP_PROGRAM='$(install_sh) -c -s'
LDFLAGS=' -L/usr/lib64'
LIBOBJS=''
LIBRCSCLIB='/usr/local/lib'
LIBS='-lrcsc_agent -lrcsc_ann -lrcsc_net -lrcsc_time -lrcsc_param -lrcsc_gz -lrcsc_rcg -lrcsc_geom -lz -lm '
LTLIBOBJS=''
MAKEINFO='${SHELL} /home/jeferson/Documents/robocin-seletiva/robocin-2d/ferramentas/soccerwindow2-5.1.1/config/missing makeinfo'
MKDIR_P='/usr/bin/mkdir -p'
OBJEXT='o'
PACKAGE='soccerwindow2'
PACKAGE_BUGREPORT='akky@users.sourceforge.jp'
PACKAGE_NAME='soccerwindow2'
PACKAGE_STRING='soccerwindow2 5.1.1'
PACKAGE_TARNAME='soccerwindow2'
PACKAGE_URL=''
PACKAGE_VERSION='5.1.1'
PATH_SEPARATOR=':'
PKG_CONFIG='/usr/bin/pkg-config'
PKG_CONFIG_LIBDIR=''
PKG_CONFIG_PATH=''
QT4_CFLAGS='-DQT_SHARED -I/usr/include/qt4 -I/usr/include/qt4/QtGui -I/usr/include/qt4 -I/usr/include/qt4/QtNetwork -I/usr/include/qt4 -I/usr/include/qt4/QtCore'
QT4_CPPFLAGS=''
QT4_CXXFLAGS='-DQT_SHARED -I/usr/include/qt4 -I/usr/include/qt4/QtGui -I/usr/include/qt4 -I/usr/include/qt4/QtNetwork -I/usr/include/qt4 -I/usr/include/qt4/QtCore'
QT4_LDADD='-pthread -lQtGui -lQtCore -lfontconfig -lpthread -laudio -lXt -lgthread-2.0 -lglib-2.0 -lpng -lz -lfreetype -lgobject-2.0 -lglib-2.0 -lSM -lICE -lXi -lXrender -lfontconfig -lfreetype -lXext -lX11 -lm -lQtNetwork -lQtCore -lfontconfig -lpthread -lz -lQtCore -lfontconfig -lpthread -lz -lm -ldl -lgthread-2.0 -lglib-2.0 -lrt'
QT4_LDFLAGS='-L/usr/X11R6/lib64'
QT4_MOC='/usr/share/qt4/bin/moc'
Qt4_CFLAGS='-DQT_SHARED -I/usr/include/qt4 -I/usr/include/qt4/QtCore'
Qt4_LIBS='-lQtCore'
RANLIB='ranlib'
SET_MAKE=''
SHELL='/bin/bash'
STRIP=''
VERSION='5.1.1'
ac_ct_CC='gcc'
ac_ct_CXX='g++'
am__EXEEXT_FALSE=''
am__EXEEXT_TRUE='#'
am__fastdepCC_FALSE='#'
am__fastdepCC_TRUE=''
am__fastdepCXX_FALSE='#'
am__fastdepCXX_TRUE=''
am__include='include'
am__isrc=''
am__leading_dot='.'
am__nodep='_no'
am__quote=''
am__tar='$${TAR-tar} chof - "$$tardir"'
am__untar='$${TAR-tar} xf -'
bindir='${exec_prefix}/bin'
build_alias=''
datadir='${datarootdir}'
datarootdir='${prefix}/share'
docdir='${datarootdir}/doc/${PACKAGE_TARNAME}'
dvidir='${docdir}'
exec_prefix='${prefix}'
host_alias=''
htmldir='${docdir}'
includedir='${prefix}/include'
infodir='${datarootdir}/info'
install_sh='${SHELL} /home/jeferson/Documents/robocin-seletiva/robocin-2d/ferramentas/soccerwindow2-5.1.1/config/install-sh'
libdir='${exec_prefix}/lib'
libexecdir='${exec_prefix}/libexec'
localedir='${datarootdir}/locale'
localstatedir='${prefix}/var'
mandir='${datarootdir}/man'
mkdir_p='$(MKDIR_P)'
oldincludedir='/usr/include'
pdfdir='${docdir}'
prefix='/usr/local'
program_transform_name='s,x,x,'
psdir='${docdir}'
runstatedir='${localstatedir}/run'
sbindir='${exec_prefix}/sbin'
sharedstatedir='${prefix}/com'
sysconfdir='${prefix}/etc'
target_alias=''

## ----------- ##
## confdefs.h. ##
## ----------- ##

/* confdefs.h */
#define PACKAGE_NAME "soccerwindow2"
#define PACKAGE_TARNAME "soccerwindow2"
#define PACKAGE_VERSION "5.1.1"
#define PACKAGE_STRING "soccerwindow2 5.1.1"
#define PACKAGE_BUGREPORT "akky@users.sourceforge.jp"
#define PACKAGE_URL ""
#define PACKAGE "soccerwindow2"
#define VERSION "5.1.1"
#define HAVE_BOOST /**/
#define HAVE_LIBZ 1
#define HAVE_LIBRCSC_GZ 1
#define STDC_HEADERS 1
#define HAVE_SYS_TYPES_H 1
#define HAVE_SYS_STAT_H 1
#define HAVE_STDLIB_H 1
#define HAVE_STRING_H 1
#define HAVE_MEMORY_H 1
#define HAVE_STRINGS_H 1
#define HAVE_INTTYPES_H 1
#define HAVE_STDINT_H 1
#define HAVE_UNISTD_H 1
#define HAVE_NETINET_IN_H 1
#define STDC_HEADERS 1
#define HAVE_STRFTIME 1
#define HAVE_VPRINTF 1
#define HAVE_FLOOR 1
#define HAVE_MEMSET 1
#define HAVE_POW 1
#define HAVE_RINT 1
#define HAVE_SQRT 1
#define HAVE_STRTOL 1

configure: exit 0
